{"C:\\Users\\leono\\OneDrive\\Ambiente de Trabalho\\Trabalho de TPW\\vuegoovie_tpw\\cip-api\\index.js": {"path":"C:\\Users\\leono\\OneDrive\\Ambiente de Trabalho\\Trabalho de TPW\\vuegoovie_tpw\\cip-api\\index.js","statementMap":{"0":{"start":{"line":1,"column":0},"end":{"line":1,"column":27}},"1":{"start":{"line":2,"column":16},"end":{"line":2,"column":34}},"2":{"start":{"line":3,"column":13},"end":{"line":3,"column":28}},"3":{"start":{"line":5,"column":12},"end":{"line":5,"column":21}},"4":{"start":{"line":6,"column":13},"end":{"line":6,"column":29}},"5":{"start":{"line":7,"column":13},"end":{"line":7,"column":29}},"6":{"start":{"line":8,"column":12},"end":{"line":8,"column":28}},"7":{"start":{"line":11,"column":23},"end":{"line":11,"column":64}},"8":{"start":{"line":12,"column":16},"end":{"line":12,"column":41}},"9":{"start":{"line":13,"column":0},"end":{"line":13,"column":24}},"10":{"start":{"line":16,"column":13},"end":{"line":29,"column":1}},"11":{"start":{"line":17,"column":21},"end":{"line":17,"column":61}},"12":{"start":{"line":18,"column":4},"end":{"line":28,"column":5}},"13":{"start":{"line":19,"column":8},"end":{"line":19,"column":15}},"14":{"start":{"line":21,"column":8},"end":{"line":27,"column":10}},"15":{"start":{"line":22,"column":12},"end":{"line":26,"column":13}},"16":{"start":{"line":23,"column":16},"end":{"line":23,"column":23}},"17":{"start":{"line":25,"column":16},"end":{"line":25,"column":54}},"18":{"start":{"line":32,"column":0},"end":{"line":32,"column":16}},"19":{"start":{"line":33,"column":0},"end":{"line":33,"column":24}},"20":{"start":{"line":34,"column":0},"end":{"line":34,"column":13}},"21":{"start":{"line":37,"column":0},"end":{"line":39,"column":3}},"22":{"start":{"line":38,"column":4},"end":{"line":38,"column":57}},"23":{"start":{"line":42,"column":0},"end":{"line":42,"column":54}},"24":{"start":{"line":43,"column":0},"end":{"line":43,"column":58}},"25":{"start":{"line":44,"column":0},"end":{"line":44,"column":52}},"26":{"start":{"line":46,"column":0},"end":{"line":48,"column":2}},"27":{"start":{"line":47,"column":4},"end":{"line":47,"column":49}},"28":{"start":{"line":49,"column":0},"end":{"line":49,"column":86}},"29":{"start":{"line":49,"column":29},"end":{"line":49,"column":84}}},"fnMap":{"0":{"name":"(anonymous_0)","decl":{"start":{"line":16,"column":13},"end":{"line":16,"column":14}},"loc":{"start":{"line":16,"column":39},"end":{"line":29,"column":1}},"line":16},"1":{"name":"(anonymous_1)","decl":{"start":{"line":21,"column":58},"end":{"line":21,"column":59}},"loc":{"start":{"line":21,"column":70},"end":{"line":27,"column":9}},"line":21},"2":{"name":"(anonymous_2)","decl":{"start":{"line":37,"column":13},"end":{"line":37,"column":14}},"loc":{"start":{"line":37,"column":33},"end":{"line":39,"column":1}},"line":37},"3":{"name":"(anonymous_3)","decl":{"start":{"line":46,"column":13},"end":{"line":46,"column":14}},"loc":{"start":{"line":46,"column":33},"end":{"line":48,"column":1}},"line":46},"4":{"name":"(anonymous_4)","decl":{"start":{"line":49,"column":23},"end":{"line":49,"column":24}},"loc":{"start":{"line":49,"column":29},"end":{"line":49,"column":84}},"line":49}},"branchMap":{"0":{"loc":{"start":{"line":18,"column":4},"end":{"line":28,"column":5}},"type":"if","locations":[{"start":{"line":18,"column":4},"end":{"line":28,"column":5}},{"start":{"line":20,"column":11},"end":{"line":28,"column":5}}],"line":18},"1":{"loc":{"start":{"line":22,"column":12},"end":{"line":26,"column":13}},"type":"if","locations":[{"start":{"line":22,"column":12},"end":{"line":26,"column":13}},{"start":{"line":24,"column":19},"end":{"line":26,"column":13}}],"line":22}},"s":{"0":1,"1":1,"2":1,"3":1,"4":1,"5":1,"6":1,"7":1,"8":1,"9":1,"10":1,"11":0,"12":0,"13":0,"14":0,"15":0,"16":0,"17":0,"18":1,"19":1,"20":1,"21":1,"22":0,"23":1,"24":1,"25":1,"26":1,"27":0,"28":1,"29":0},"f":{"0":0,"1":0,"2":0,"3":0,"4":0},"b":{"0":[0,0],"1":[0,0]},"_coverageSchema":"1a1c01bbd47fc00a2c39e90264f33305004495a9","hash":"28e2def6694e76ea08f19dd1b16ceaaf622febb2"}
,"C:\\Users\\leono\\OneDrive\\Ambiente de Trabalho\\Trabalho de TPW\\vuegoovie_tpw\\cip-api\\jwt.js": {"path":"C:\\Users\\leono\\OneDrive\\Ambiente de Trabalho\\Trabalho de TPW\\vuegoovie_tpw\\cip-api\\jwt.js","statementMap":{"0":{"start":{"line":1,"column":10},"end":{"line":1,"column":33}},"1":{"start":{"line":2,"column":11},"end":{"line":2,"column":39}},"2":{"start":{"line":3,"column":13},"end":{"line":3,"column":21}},"3":{"start":{"line":5,"column":13},"end":{"line":5,"column":47}},"4":{"start":{"line":7,"column":22},"end":{"line":12,"column":1}},"5":{"start":{"line":8,"column":16},"end":{"line":10,"column":36}},"6":{"start":{"line":11,"column":4},"end":{"line":11,"column":27}},"7":{"start":{"line":14,"column":22},"end":{"line":37,"column":1}},"8":{"start":{"line":15,"column":4},"end":{"line":17,"column":5}},"9":{"start":{"line":16,"column":8},"end":{"line":16,"column":31}},"10":{"start":{"line":18,"column":4},"end":{"line":36,"column":6}},"11":{"start":{"line":19,"column":8},"end":{"line":19,"column":29}},"12":{"start":{"line":20,"column":8},"end":{"line":35,"column":9}},"13":{"start":{"line":21,"column":12},"end":{"line":21,"column":35}},"14":{"start":{"line":23,"column":12},"end":{"line":34,"column":14}},"15":{"start":{"line":24,"column":16},"end":{"line":31,"column":17}},"16":{"start":{"line":25,"column":20},"end":{"line":25,"column":45}},"17":{"start":{"line":26,"column":20},"end":{"line":26,"column":57}},"18":{"start":{"line":27,"column":20},"end":{"line":27,"column":49}},"19":{"start":{"line":28,"column":20},"end":{"line":28,"column":42}},"20":{"start":{"line":30,"column":20},"end":{"line":30,"column":43}},"21":{"start":{"line":33,"column":16},"end":{"line":33,"column":39}},"22":{"start":{"line":39,"column":0},"end":{"line":39,"column":37}},"23":{"start":{"line":40,"column":0},"end":{"line":40,"column":37}}},"fnMap":{"0":{"name":"(anonymous_0)","decl":{"start":{"line":7,"column":22},"end":{"line":7,"column":23}},"loc":{"start":{"line":7,"column":47},"end":{"line":12,"column":1}},"line":7},"1":{"name":"(anonymous_1)","decl":{"start":{"line":14,"column":22},"end":{"line":14,"column":23}},"loc":{"start":{"line":14,"column":48},"end":{"line":37,"column":1}},"line":14},"2":{"name":"(anonymous_2)","decl":{"start":{"line":18,"column":53},"end":{"line":18,"column":54}},"loc":{"start":{"line":18,"column":79},"end":{"line":36,"column":5}},"line":18},"3":{"name":"(anonymous_3)","decl":{"start":{"line":23,"column":74},"end":{"line":23,"column":75}},"loc":{"start":{"line":23,"column":84},"end":{"line":32,"column":13}},"line":23},"4":{"name":"(anonymous_4)","decl":{"start":{"line":32,"column":21},"end":{"line":32,"column":22}},"loc":{"start":{"line":32,"column":30},"end":{"line":34,"column":13}},"line":32}},"branchMap":{"0":{"loc":{"start":{"line":15,"column":4},"end":{"line":17,"column":5}},"type":"if","locations":[{"start":{"line":15,"column":4},"end":{"line":17,"column":5}},{"start":{},"end":{}}],"line":15},"1":{"loc":{"start":{"line":20,"column":8},"end":{"line":35,"column":9}},"type":"if","locations":[{"start":{"line":20,"column":8},"end":{"line":35,"column":9}},{"start":{"line":22,"column":15},"end":{"line":35,"column":9}}],"line":20},"2":{"loc":{"start":{"line":24,"column":16},"end":{"line":31,"column":17}},"type":"if","locations":[{"start":{"line":24,"column":16},"end":{"line":31,"column":17}},{"start":{"line":29,"column":23},"end":{"line":31,"column":17}}],"line":24}},"s":{"0":1,"1":1,"2":1,"3":1,"4":1,"5":0,"6":0,"7":1,"8":0,"9":0,"10":0,"11":0,"12":0,"13":0,"14":0,"15":0,"16":0,"17":0,"18":0,"19":0,"20":0,"21":0,"22":1,"23":1},"f":{"0":0,"1":0,"2":0,"3":0,"4":0},"b":{"0":[0,0],"1":[0,0],"2":[0,0]},"_coverageSchema":"1a1c01bbd47fc00a2c39e90264f33305004495a9","hash":"7868f1686b0938fa1c3a5ac5ae7fc3de3ea25eb8"}
,"C:\\Users\\leono\\OneDrive\\Ambiente de Trabalho\\Trabalho de TPW\\vuegoovie_tpw\\cip-api\\swagger_conf.js": {"path":"C:\\Users\\leono\\OneDrive\\Ambiente de Trabalho\\Trabalho de TPW\\vuegoovie_tpw\\cip-api\\swagger_conf.js","statementMap":{"0":{"start":{"line":1,"column":16},"end":{"line":26,"column":1}},"1":{"start":{"line":28,"column":0},"end":{"line":28,"column":25}}},"fnMap":{},"branchMap":{},"s":{"0":1,"1":1},"f":{},"b":{},"_coverageSchema":"1a1c01bbd47fc00a2c39e90264f33305004495a9","hash":"6be674a86e3cf6e0fc4eef2d073712a508918b5f"}
,"C:\\Users\\leono\\OneDrive\\Ambiente de Trabalho\\Trabalho de TPW\\vuegoovie_tpw\\cip-api\\config\\db.config.js": {"path":"C:\\Users\\leono\\OneDrive\\Ambiente de Trabalho\\Trabalho de TPW\\vuegoovie_tpw\\cip-api\\config\\db.config.js","statementMap":{"0":{"start":{"line":1,"column":15},"end":{"line":16,"column":1}},"1":{"start":{"line":18,"column":0},"end":{"line":18,"column":24}}},"fnMap":{},"branchMap":{},"s":{"0":1,"1":1},"f":{},"b":{},"_coverageSchema":"1a1c01bbd47fc00a2c39e90264f33305004495a9","hash":"15bbe5f1262c7534cef5f3c75f6e1d1a0811b868"}
,"C:\\Users\\leono\\OneDrive\\Ambiente de Trabalho\\Trabalho de TPW\\vuegoovie_tpw\\cip-api\\connection\\connection_mysql.js": {"path":"C:\\Users\\leono\\OneDrive\\Ambiente de Trabalho\\Trabalho de TPW\\vuegoovie_tpw\\cip-api\\connection\\connection_mysql.js","statementMap":{"0":{"start":{"line":1,"column":22},"end":{"line":1,"column":42}},"1":{"start":{"line":2,"column":18},"end":{"line":6,"column":2}},"2":{"start":{"line":8,"column":0},"end":{"line":8,"column":30}}},"fnMap":{},"branchMap":{},"s":{"0":1,"1":1,"2":1},"f":{},"b":{},"_coverageSchema":"1a1c01bbd47fc00a2c39e90264f33305004495a9","hash":"afd93133328818a03586480c1870e2bd0c0063e1"}
,"C:\\Users\\leono\\OneDrive\\Ambiente de Trabalho\\Trabalho de TPW\\vuegoovie_tpw\\cip-api\\controllers\\courses.controller.js": {"path":"C:\\Users\\leono\\OneDrive\\Ambiente de Trabalho\\Trabalho de TPW\\vuegoovie_tpw\\cip-api\\controllers\\courses.controller.js","statementMap":{"0":{"start":{"line":1,"column":11},"end":{"line":1,"column":40}},"1":{"start":{"line":2,"column":15},"end":{"line":2,"column":25}},"2":{"start":{"line":3,"column":32},"end":{"line":3,"column":52}},"3":{"start":{"line":5,"column":0},"end":{"line":38,"column":1}},"4":{"start":{"line":6,"column":4},"end":{"line":37,"column":5}},"5":{"start":{"line":7,"column":8},"end":{"line":7,"column":77}},"6":{"start":{"line":9,"column":31},"end":{"line":17,"column":10}},"7":{"start":{"line":19,"column":8},"end":{"line":36,"column":10}},"8":{"start":{"line":20,"column":12},"end":{"line":28,"column":13}},"9":{"start":{"line":21,"column":16},"end":{"line":21,"column":58}},"10":{"start":{"line":23,"column":16},"end":{"line":27,"column":18}},"11":{"start":{"line":24,"column":20},"end":{"line":24,"column":59}},"12":{"start":{"line":26,"column":20},"end":{"line":26,"column":46}},"13":{"start":{"line":30,"column":12},"end":{"line":35,"column":19}},"14":{"start":{"line":31,"column":16},"end":{"line":31,"column":94}},"15":{"start":{"line":31,"column":80},"end":{"line":31,"column":89}},"16":{"start":{"line":33,"column":16},"end":{"line":35,"column":19}},"17":{"start":{"line":40,"column":0},"end":{"line":70,"column":1}},"18":{"start":{"line":42,"column":32},"end":{"line":42,"column":41}},"19":{"start":{"line":44,"column":4},"end":{"line":49,"column":30}},"20":{"start":{"line":45,"column":8},"end":{"line":45,"column":89}},"21":{"start":{"line":46,"column":8},"end":{"line":46,"column":15}},"22":{"start":{"line":49,"column":8},"end":{"line":49,"column":30}},"23":{"start":{"line":50,"column":4},"end":{"line":54,"column":30}},"24":{"start":{"line":51,"column":8},"end":{"line":51,"column":77}},"25":{"start":{"line":52,"column":8},"end":{"line":52,"column":15}},"26":{"start":{"line":54,"column":8},"end":{"line":54,"column":30}},"27":{"start":{"line":56,"column":18},"end":{"line":56,"column":34}},"28":{"start":{"line":57,"column":19},"end":{"line":57,"column":42}},"29":{"start":{"line":60,"column":22},"end":{"line":60,"column":75}},"30":{"start":{"line":61,"column":4},"end":{"line":69,"column":6}},"31":{"start":{"line":66,"column":8},"end":{"line":66,"column":36}},"32":{"start":{"line":68,"column":8},"end":{"line":68,"column":37}},"33":{"start":{"line":73,"column":0},"end":{"line":90,"column":2}},"34":{"start":{"line":74,"column":4},"end":{"line":89,"column":5}},"35":{"start":{"line":76,"column":21},"end":{"line":76,"column":91}},"36":{"start":{"line":78,"column":8},"end":{"line":83,"column":56}},"37":{"start":{"line":79,"column":12},"end":{"line":81,"column":15}},"38":{"start":{"line":83,"column":12},"end":{"line":83,"column":56}},"39":{"start":{"line":86,"column":8},"end":{"line":88,"column":11}},"40":{"start":{"line":92,"column":0},"end":{"line":109,"column":2}},"41":{"start":{"line":93,"column":4},"end":{"line":108,"column":5}},"42":{"start":{"line":95,"column":21},"end":{"line":95,"column":81}},"43":{"start":{"line":97,"column":8},"end":{"line":102,"column":56}},"44":{"start":{"line":98,"column":12},"end":{"line":100,"column":15}},"45":{"start":{"line":102,"column":12},"end":{"line":102,"column":56}},"46":{"start":{"line":105,"column":8},"end":{"line":107,"column":11}},"47":{"start":{"line":111,"column":0},"end":{"line":142,"column":2}},"48":{"start":{"line":112,"column":4},"end":{"line":141,"column":5}},"49":{"start":{"line":113,"column":8},"end":{"line":113,"column":77}},"50":{"start":{"line":115,"column":8},"end":{"line":140,"column":9}},"51":{"start":{"line":117,"column":25},"end":{"line":117,"column":95}},"52":{"start":{"line":118,"column":12},"end":{"line":121,"column":19}},"53":{"start":{"line":119,"column":16},"end":{"line":121,"column":19}},"54":{"start":{"line":123,"column":31},"end":{"line":123,"column":110}},"55":{"start":{"line":125,"column":12},"end":{"line":128,"column":19}},"56":{"start":{"line":126,"column":16},"end":{"line":128,"column":19}},"57":{"start":{"line":129,"column":12},"end":{"line":132,"column":15}},"58":{"start":{"line":135,"column":12},"end":{"line":136,"column":101}},"59":{"start":{"line":136,"column":16},"end":{"line":136,"column":101}},"60":{"start":{"line":136,"column":87},"end":{"line":136,"column":96}},"61":{"start":{"line":137,"column":12},"end":{"line":139,"column":15}},"62":{"start":{"line":145,"column":0},"end":{"line":168,"column":2}},"63":{"start":{"line":146,"column":4},"end":{"line":167,"column":5}},"64":{"start":{"line":147,"column":8},"end":{"line":147,"column":77}},"65":{"start":{"line":149,"column":8},"end":{"line":166,"column":9}},"66":{"start":{"line":150,"column":22},"end":{"line":150,"column":92}},"67":{"start":{"line":151,"column":25},"end":{"line":151,"column":72}},"68":{"start":{"line":152,"column":12},"end":{"line":155,"column":19}},"69":{"start":{"line":153,"column":16},"end":{"line":155,"column":19}},"70":{"start":{"line":157,"column":12},"end":{"line":159,"column":15}},"71":{"start":{"line":162,"column":12},"end":{"line":162,"column":28}},"72":{"start":{"line":163,"column":12},"end":{"line":165,"column":15}}},"fnMap":{"0":{"name":"(anonymous_0)","decl":{"start":{"line":5,"column":23},"end":{"line":5,"column":24}},"loc":{"start":{"line":5,"column":43},"end":{"line":38,"column":1}},"line":5},"1":{"name":"(anonymous_1)","decl":{"start":{"line":19,"column":76},"end":{"line":19,"column":77}},"loc":{"start":{"line":19,"column":89},"end":{"line":29,"column":9}},"line":19},"2":{"name":"(anonymous_2)","decl":{"start":{"line":23,"column":43},"end":{"line":23,"column":44}},"loc":{"start":{"line":23,"column":58},"end":{"line":25,"column":17}},"line":23},"3":{"name":"(anonymous_3)","decl":{"start":{"line":25,"column":25},"end":{"line":25,"column":26}},"loc":{"start":{"line":25,"column":34},"end":{"line":27,"column":17}},"line":25},"4":{"name":"(anonymous_4)","decl":{"start":{"line":29,"column":17},"end":{"line":29,"column":18}},"loc":{"start":{"line":29,"column":26},"end":{"line":36,"column":9}},"line":29},"5":{"name":"(anonymous_5)","decl":{"start":{"line":31,"column":75},"end":{"line":31,"column":76}},"loc":{"start":{"line":31,"column":80},"end":{"line":31,"column":89}},"line":31},"6":{"name":"(anonymous_6)","decl":{"start":{"line":40,"column":24},"end":{"line":40,"column":25}},"loc":{"start":{"line":40,"column":44},"end":{"line":70,"column":1}},"line":40},"7":{"name":"(anonymous_7)","decl":{"start":{"line":65,"column":12},"end":{"line":65,"column":13}},"loc":{"start":{"line":65,"column":24},"end":{"line":67,"column":5}},"line":65},"8":{"name":"(anonymous_8)","decl":{"start":{"line":67,"column":13},"end":{"line":67,"column":14}},"loc":{"start":{"line":67,"column":24},"end":{"line":69,"column":5}},"line":67},"9":{"name":"(anonymous_9)","decl":{"start":{"line":73,"column":35},"end":{"line":73,"column":36}},"loc":{"start":{"line":73,"column":55},"end":{"line":90,"column":1}},"line":73},"10":{"name":"(anonymous_10)","decl":{"start":{"line":92,"column":27},"end":{"line":92,"column":28}},"loc":{"start":{"line":92,"column":47},"end":{"line":109,"column":1}},"line":92},"11":{"name":"(anonymous_11)","decl":{"start":{"line":111,"column":23},"end":{"line":111,"column":24}},"loc":{"start":{"line":111,"column":43},"end":{"line":142,"column":1}},"line":111},"12":{"name":"(anonymous_12)","decl":{"start":{"line":136,"column":82},"end":{"line":136,"column":83}},"loc":{"start":{"line":136,"column":87},"end":{"line":136,"column":96}},"line":136},"13":{"name":"(anonymous_13)","decl":{"start":{"line":145,"column":23},"end":{"line":145,"column":24}},"loc":{"start":{"line":145,"column":43},"end":{"line":168,"column":1}},"line":145}},"branchMap":{"0":{"loc":{"start":{"line":6,"column":4},"end":{"line":37,"column":5}},"type":"if","locations":[{"start":{"line":6,"column":4},"end":{"line":37,"column":5}},{"start":{"line":8,"column":11},"end":{"line":37,"column":5}}],"line":6},"1":{"loc":{"start":{"line":20,"column":12},"end":{"line":28,"column":13}},"type":"if","locations":[{"start":{"line":20,"column":12},"end":{"line":28,"column":13}},{"start":{"line":22,"column":19},"end":{"line":28,"column":13}}],"line":20},"2":{"loc":{"start":{"line":30,"column":12},"end":{"line":35,"column":19}},"type":"if","locations":[{"start":{"line":30,"column":12},"end":{"line":35,"column":19}},{"start":{"line":33,"column":16},"end":{"line":35,"column":19}}],"line":30},"3":{"loc":{"start":{"line":34,"column":41},"end":{"line":34,"column":104}},"type":"binary-expr","locations":[{"start":{"line":34,"column":41},"end":{"line":34,"column":52}},{"start":{"line":34,"column":56},"end":{"line":34,"column":104}}],"line":34},"4":{"loc":{"start":{"line":44,"column":4},"end":{"line":49,"column":30}},"type":"if","locations":[{"start":{"line":44,"column":4},"end":{"line":49,"column":30}},{"start":{"line":49,"column":8},"end":{"line":49,"column":30}}],"line":44},"5":{"loc":{"start":{"line":44,"column":8},"end":{"line":44,"column":56}},"type":"binary-expr","locations":[{"start":{"line":44,"column":8},"end":{"line":44,"column":12}},{"start":{"line":44,"column":16},"end":{"line":44,"column":56}}],"line":44},"6":{"loc":{"start":{"line":50,"column":4},"end":{"line":54,"column":30}},"type":"if","locations":[{"start":{"line":50,"column":4},"end":{"line":54,"column":30}},{"start":{"line":54,"column":8},"end":{"line":54,"column":30}}],"line":50},"7":{"loc":{"start":{"line":50,"column":8},"end":{"line":50,"column":54}},"type":"binary-expr","locations":[{"start":{"line":50,"column":8},"end":{"line":50,"column":12}},{"start":{"line":50,"column":16},"end":{"line":50,"column":54}}],"line":50},"8":{"loc":{"start":{"line":56,"column":18},"end":{"line":56,"column":34}},"type":"cond-expr","locations":[{"start":{"line":56,"column":25},"end":{"line":56,"column":29}},{"start":{"line":56,"column":32},"end":{"line":56,"column":34}}],"line":56},"9":{"loc":{"start":{"line":57,"column":19},"end":{"line":57,"column":42}},"type":"cond-expr","locations":[{"start":{"line":57,"column":26},"end":{"line":57,"column":38}},{"start":{"line":57,"column":41},"end":{"line":57,"column":42}}],"line":57},"10":{"loc":{"start":{"line":60,"column":22},"end":{"line":60,"column":75}},"type":"cond-expr","locations":[{"start":{"line":60,"column":30},"end":{"line":60,"column":68}},{"start":{"line":60,"column":71},"end":{"line":60,"column":75}}],"line":60},"11":{"loc":{"start":{"line":78,"column":8},"end":{"line":83,"column":56}},"type":"if","locations":[{"start":{"line":78,"column":8},"end":{"line":83,"column":56}},{"start":{"line":83,"column":12},"end":{"line":83,"column":56}}],"line":78},"12":{"loc":{"start":{"line":97,"column":8},"end":{"line":102,"column":56}},"type":"if","locations":[{"start":{"line":97,"column":8},"end":{"line":102,"column":56}},{"start":{"line":102,"column":12},"end":{"line":102,"column":56}}],"line":97},"13":{"loc":{"start":{"line":112,"column":4},"end":{"line":141,"column":5}},"type":"if","locations":[{"start":{"line":112,"column":4},"end":{"line":141,"column":5}},{"start":{"line":114,"column":11},"end":{"line":141,"column":5}}],"line":112},"14":{"loc":{"start":{"line":118,"column":12},"end":{"line":121,"column":19}},"type":"if","locations":[{"start":{"line":118,"column":12},"end":{"line":121,"column":19}},{"start":{},"end":{}}],"line":118},"15":{"loc":{"start":{"line":125,"column":12},"end":{"line":128,"column":19}},"type":"if","locations":[{"start":{"line":125,"column":12},"end":{"line":128,"column":19}},{"start":{},"end":{}}],"line":125},"16":{"loc":{"start":{"line":135,"column":12},"end":{"line":136,"column":101}},"type":"if","locations":[{"start":{"line":135,"column":12},"end":{"line":136,"column":101}},{"start":{},"end":{}}],"line":135},"17":{"loc":{"start":{"line":146,"column":4},"end":{"line":167,"column":5}},"type":"if","locations":[{"start":{"line":146,"column":4},"end":{"line":167,"column":5}},{"start":{"line":148,"column":11},"end":{"line":167,"column":5}}],"line":146},"18":{"loc":{"start":{"line":152,"column":12},"end":{"line":155,"column":19}},"type":"if","locations":[{"start":{"line":152,"column":12},"end":{"line":155,"column":19}},{"start":{},"end":{}}],"line":152}},"s":{"0":1,"1":1,"2":1,"3":1,"4":0,"5":0,"6":0,"7":0,"8":0,"9":0,"10":0,"11":0,"12":0,"13":0,"14":0,"15":0,"16":0,"17":1,"18":0,"19":0,"20":0,"21":0,"22":0,"23":0,"24":0,"25":0,"26":0,"27":0,"28":0,"29":0,"30":0,"31":0,"32":0,"33":1,"34":0,"35":0,"36":0,"37":0,"38":0,"39":0,"40":1,"41":0,"42":0,"43":0,"44":0,"45":0,"46":0,"47":1,"48":0,"49":0,"50":0,"51":0,"52":0,"53":0,"54":0,"55":0,"56":0,"57":0,"58":0,"59":0,"60":0,"61":0,"62":1,"63":0,"64":0,"65":0,"66":0,"67":0,"68":0,"69":0,"70":0,"71":0,"72":0},"f":{"0":0,"1":0,"2":0,"3":0,"4":0,"5":0,"6":0,"7":0,"8":0,"9":0,"10":0,"11":0,"12":0,"13":0},"b":{"0":[0,0],"1":[0,0],"2":[0,0],"3":[0,0],"4":[0,0],"5":[0,0],"6":[0,0],"7":[0,0],"8":[0,0],"9":[0,0],"10":[0,0],"11":[0,0],"12":[0,0],"13":[0,0],"14":[0,0],"15":[0,0],"16":[0,0],"17":[0,0],"18":[0,0]},"_coverageSchema":"1a1c01bbd47fc00a2c39e90264f33305004495a9","hash":"b10d7d3ec796ff12a973b54e9e4c2aba22f28cfd"}
,"C:\\Users\\leono\\OneDrive\\Ambiente de Trabalho\\Trabalho de TPW\\vuegoovie_tpw\\cip-api\\controllers\\modules.controller.js": {"path":"C:\\Users\\leono\\OneDrive\\Ambiente de Trabalho\\Trabalho de TPW\\vuegoovie_tpw\\cip-api\\controllers\\modules.controller.js","statementMap":{"0":{"start":{"line":1,"column":11},"end":{"line":1,"column":40}},"1":{"start":{"line":2,"column":15},"end":{"line":2,"column":25}},"2":{"start":{"line":2,"column":42},"end":{"line":2,"column":52}},"3":{"start":{"line":3,"column":32},"end":{"line":3,"column":52}},"4":{"start":{"line":5,"column":0},"end":{"line":35,"column":2}},"5":{"start":{"line":6,"column":4},"end":{"line":34,"column":5}},"6":{"start":{"line":7,"column":8},"end":{"line":7,"column":77}},"7":{"start":{"line":9,"column":8},"end":{"line":33,"column":9}},"8":{"start":{"line":10,"column":25},"end":{"line":10,"column":95}},"9":{"start":{"line":11,"column":12},"end":{"line":14,"column":19}},"10":{"start":{"line":12,"column":16},"end":{"line":14,"column":19}},"11":{"start":{"line":15,"column":28},"end":{"line":22,"column":14}},"12":{"start":{"line":23,"column":12},"end":{"line":25,"column":15}},"13":{"start":{"line":27,"column":12},"end":{"line":32,"column":19}},"14":{"start":{"line":28,"column":16},"end":{"line":28,"column":94}},"15":{"start":{"line":28,"column":80},"end":{"line":28,"column":89}},"16":{"start":{"line":30,"column":16},"end":{"line":32,"column":19}},"17":{"start":{"line":38,"column":0},"end":{"line":53,"column":1}},"18":{"start":{"line":39,"column":4},"end":{"line":52,"column":5}},"19":{"start":{"line":41,"column":21},"end":{"line":41,"column":91}},"20":{"start":{"line":43,"column":21},"end":{"line":43,"column":77}},"21":{"start":{"line":45,"column":8},"end":{"line":47,"column":11}},"22":{"start":{"line":49,"column":8},"end":{"line":51,"column":10}},"23":{"start":{"line":56,"column":0},"end":{"line":90,"column":2}},"24":{"start":{"line":57,"column":4},"end":{"line":89,"column":5}},"25":{"start":{"line":58,"column":8},"end":{"line":58,"column":77}},"26":{"start":{"line":60,"column":8},"end":{"line":88,"column":9}},"27":{"start":{"line":61,"column":25},"end":{"line":61,"column":95}},"28":{"start":{"line":62,"column":12},"end":{"line":65,"column":19}},"29":{"start":{"line":63,"column":16},"end":{"line":65,"column":19}},"30":{"start":{"line":67,"column":25},"end":{"line":67,"column":106}},"31":{"start":{"line":68,"column":12},"end":{"line":71,"column":19}},"32":{"start":{"line":69,"column":16},"end":{"line":71,"column":19}},"33":{"start":{"line":73,"column":25},"end":{"line":73,"column":106}},"34":{"start":{"line":75,"column":12},"end":{"line":78,"column":19}},"35":{"start":{"line":76,"column":16},"end":{"line":78,"column":19}},"36":{"start":{"line":79,"column":12},"end":{"line":81,"column":15}},"37":{"start":{"line":84,"column":12},"end":{"line":84,"column":28}},"38":{"start":{"line":85,"column":12},"end":{"line":87,"column":15}},"39":{"start":{"line":92,"column":0},"end":{"line":129,"column":2}},"40":{"start":{"line":93,"column":4},"end":{"line":128,"column":5}},"41":{"start":{"line":94,"column":8},"end":{"line":94,"column":77}},"42":{"start":{"line":96,"column":8},"end":{"line":127,"column":9}},"43":{"start":{"line":97,"column":25},"end":{"line":97,"column":95}},"44":{"start":{"line":98,"column":12},"end":{"line":101,"column":19}},"45":{"start":{"line":99,"column":16},"end":{"line":101,"column":19}},"46":{"start":{"line":103,"column":25},"end":{"line":103,"column":106}},"47":{"start":{"line":104,"column":12},"end":{"line":107,"column":19}},"48":{"start":{"line":105,"column":16},"end":{"line":107,"column":19}},"49":{"start":{"line":109,"column":31},"end":{"line":109,"column":121}},"50":{"start":{"line":110,"column":12},"end":{"line":110,"column":37}},"51":{"start":{"line":111,"column":12},"end":{"line":114,"column":19}},"52":{"start":{"line":112,"column":16},"end":{"line":114,"column":19}},"53":{"start":{"line":116,"column":12},"end":{"line":119,"column":15}},"54":{"start":{"line":122,"column":12},"end":{"line":123,"column":101}},"55":{"start":{"line":123,"column":16},"end":{"line":123,"column":101}},"56":{"start":{"line":123,"column":87},"end":{"line":123,"column":96}},"57":{"start":{"line":124,"column":12},"end":{"line":126,"column":15}}},"fnMap":{"0":{"name":"(anonymous_0)","decl":{"start":{"line":5,"column":17},"end":{"line":5,"column":18}},"loc":{"start":{"line":5,"column":37},"end":{"line":35,"column":1}},"line":5},"1":{"name":"(anonymous_1)","decl":{"start":{"line":28,"column":75},"end":{"line":28,"column":76}},"loc":{"start":{"line":28,"column":80},"end":{"line":28,"column":89}},"line":28},"2":{"name":"(anonymous_2)","decl":{"start":{"line":38,"column":18},"end":{"line":38,"column":19}},"loc":{"start":{"line":38,"column":38},"end":{"line":53,"column":1}},"line":38},"3":{"name":"(anonymous_3)","decl":{"start":{"line":56,"column":17},"end":{"line":56,"column":18}},"loc":{"start":{"line":56,"column":37},"end":{"line":90,"column":1}},"line":56},"4":{"name":"(anonymous_4)","decl":{"start":{"line":92,"column":17},"end":{"line":92,"column":18}},"loc":{"start":{"line":92,"column":37},"end":{"line":129,"column":1}},"line":92},"5":{"name":"(anonymous_5)","decl":{"start":{"line":123,"column":82},"end":{"line":123,"column":83}},"loc":{"start":{"line":123,"column":87},"end":{"line":123,"column":96}},"line":123}},"branchMap":{"0":{"loc":{"start":{"line":6,"column":4},"end":{"line":34,"column":5}},"type":"if","locations":[{"start":{"line":6,"column":4},"end":{"line":34,"column":5}},{"start":{"line":8,"column":11},"end":{"line":34,"column":5}}],"line":6},"1":{"loc":{"start":{"line":11,"column":12},"end":{"line":14,"column":19}},"type":"if","locations":[{"start":{"line":11,"column":12},"end":{"line":14,"column":19}},{"start":{},"end":{}}],"line":11},"2":{"loc":{"start":{"line":27,"column":12},"end":{"line":32,"column":19}},"type":"if","locations":[{"start":{"line":27,"column":12},"end":{"line":32,"column":19}},{"start":{"line":30,"column":16},"end":{"line":32,"column":19}}],"line":27},"3":{"loc":{"start":{"line":31,"column":41},"end":{"line":31,"column":104}},"type":"binary-expr","locations":[{"start":{"line":31,"column":41},"end":{"line":31,"column":52}},{"start":{"line":31,"column":56},"end":{"line":31,"column":104}}],"line":31},"4":{"loc":{"start":{"line":50,"column":33},"end":{"line":50,"column":98}},"type":"binary-expr","locations":[{"start":{"line":50,"column":33},"end":{"line":50,"column":44}},{"start":{"line":50,"column":48},"end":{"line":50,"column":98}}],"line":50},"5":{"loc":{"start":{"line":57,"column":4},"end":{"line":89,"column":5}},"type":"if","locations":[{"start":{"line":57,"column":4},"end":{"line":89,"column":5}},{"start":{"line":59,"column":11},"end":{"line":89,"column":5}}],"line":57},"6":{"loc":{"start":{"line":62,"column":12},"end":{"line":65,"column":19}},"type":"if","locations":[{"start":{"line":62,"column":12},"end":{"line":65,"column":19}},{"start":{},"end":{}}],"line":62},"7":{"loc":{"start":{"line":68,"column":12},"end":{"line":71,"column":19}},"type":"if","locations":[{"start":{"line":68,"column":12},"end":{"line":71,"column":19}},{"start":{},"end":{}}],"line":68},"8":{"loc":{"start":{"line":75,"column":12},"end":{"line":78,"column":19}},"type":"if","locations":[{"start":{"line":75,"column":12},"end":{"line":78,"column":19}},{"start":{},"end":{}}],"line":75},"9":{"loc":{"start":{"line":93,"column":4},"end":{"line":128,"column":5}},"type":"if","locations":[{"start":{"line":93,"column":4},"end":{"line":128,"column":5}},{"start":{"line":95,"column":11},"end":{"line":128,"column":5}}],"line":93},"10":{"loc":{"start":{"line":98,"column":12},"end":{"line":101,"column":19}},"type":"if","locations":[{"start":{"line":98,"column":12},"end":{"line":101,"column":19}},{"start":{},"end":{}}],"line":98},"11":{"loc":{"start":{"line":104,"column":12},"end":{"line":107,"column":19}},"type":"if","locations":[{"start":{"line":104,"column":12},"end":{"line":107,"column":19}},{"start":{},"end":{}}],"line":104},"12":{"loc":{"start":{"line":111,"column":12},"end":{"line":114,"column":19}},"type":"if","locations":[{"start":{"line":111,"column":12},"end":{"line":114,"column":19}},{"start":{},"end":{}}],"line":111},"13":{"loc":{"start":{"line":122,"column":12},"end":{"line":123,"column":101}},"type":"if","locations":[{"start":{"line":122,"column":12},"end":{"line":123,"column":101}},{"start":{},"end":{}}],"line":122}},"s":{"0":1,"1":1,"2":1,"3":1,"4":1,"5":0,"6":0,"7":0,"8":0,"9":0,"10":0,"11":0,"12":0,"13":0,"14":0,"15":0,"16":0,"17":1,"18":0,"19":0,"20":0,"21":0,"22":0,"23":1,"24":0,"25":0,"26":0,"27":0,"28":0,"29":0,"30":0,"31":0,"32":0,"33":0,"34":0,"35":0,"36":0,"37":0,"38":0,"39":1,"40":0,"41":0,"42":0,"43":0,"44":0,"45":0,"46":0,"47":0,"48":0,"49":0,"50":0,"51":0,"52":0,"53":0,"54":0,"55":0,"56":0,"57":0},"f":{"0":0,"1":0,"2":0,"3":0,"4":0,"5":0},"b":{"0":[0,0],"1":[0,0],"2":[0,0],"3":[0,0],"4":[0,0],"5":[0,0],"6":[0,0],"7":[0,0],"8":[0,0],"9":[0,0],"10":[0,0],"11":[0,0],"12":[0,0],"13":[0,0]},"_coverageSchema":"1a1c01bbd47fc00a2c39e90264f33305004495a9","hash":"2196f225a90b376c7186eb206e1e8409ab263167"}
,"C:\\Users\\leono\\OneDrive\\Ambiente de Trabalho\\Trabalho de TPW\\vuegoovie_tpw\\cip-api\\controllers\\news.controller.js": {"path":"C:\\Users\\leono\\OneDrive\\Ambiente de Trabalho\\Trabalho de TPW\\vuegoovie_tpw\\cip-api\\controllers\\news.controller.js","statementMap":{"0":{"start":{"line":1,"column":11},"end":{"line":1,"column":40}},"1":{"start":{"line":2,"column":13},"end":{"line":2,"column":20}},"2":{"start":{"line":3,"column":32},"end":{"line":3,"column":52}},"3":{"start":{"line":5,"column":0},"end":{"line":12,"column":1}},"4":{"start":{"line":6,"column":4},"end":{"line":11,"column":10}},"5":{"start":{"line":8,"column":12},"end":{"line":8,"column":40}},"6":{"start":{"line":10,"column":12},"end":{"line":10,"column":41}},"7":{"start":{"line":15,"column":0},"end":{"line":32,"column":2}},"8":{"start":{"line":16,"column":4},"end":{"line":31,"column":5}},"9":{"start":{"line":18,"column":19},"end":{"line":18,"column":81}},"10":{"start":{"line":20,"column":8},"end":{"line":25,"column":52}},"11":{"start":{"line":21,"column":12},"end":{"line":23,"column":15}},"12":{"start":{"line":25,"column":12},"end":{"line":25,"column":52}},"13":{"start":{"line":28,"column":8},"end":{"line":30,"column":11}}},"fnMap":{"0":{"name":"(anonymous_0)","decl":{"start":{"line":5,"column":21},"end":{"line":5,"column":22}},"loc":{"start":{"line":5,"column":41},"end":{"line":12,"column":1}},"line":5},"1":{"name":"(anonymous_1)","decl":{"start":{"line":7,"column":14},"end":{"line":7,"column":15}},"loc":{"start":{"line":7,"column":26},"end":{"line":9,"column":9}},"line":7},"2":{"name":"(anonymous_2)","decl":{"start":{"line":9,"column":17},"end":{"line":9,"column":18}},"loc":{"start":{"line":9,"column":28},"end":{"line":11,"column":9}},"line":9},"3":{"name":"(anonymous_3)","decl":{"start":{"line":15,"column":21},"end":{"line":15,"column":22}},"loc":{"start":{"line":15,"column":41},"end":{"line":32,"column":1}},"line":15}},"branchMap":{"0":{"loc":{"start":{"line":20,"column":8},"end":{"line":25,"column":52}},"type":"if","locations":[{"start":{"line":20,"column":8},"end":{"line":25,"column":52}},{"start":{"line":25,"column":12},"end":{"line":25,"column":52}}],"line":20}},"s":{"0":1,"1":1,"2":1,"3":1,"4":0,"5":0,"6":0,"7":1,"8":0,"9":0,"10":0,"11":0,"12":0,"13":0},"f":{"0":0,"1":0,"2":0,"3":0},"b":{"0":[0,0]},"_coverageSchema":"1a1c01bbd47fc00a2c39e90264f33305004495a9","hash":"88e012a21684a9cc3eef223e632fe421e705380f"}
,"C:\\Users\\leono\\OneDrive\\Ambiente de Trabalho\\Trabalho de TPW\\vuegoovie_tpw\\cip-api\\controllers\\usercourse.controller.js": {"path":"C:\\Users\\leono\\OneDrive\\Ambiente de Trabalho\\Trabalho de TPW\\vuegoovie_tpw\\cip-api\\controllers\\usercourse.controller.js","statementMap":{"0":{"start":{"line":1,"column":11},"end":{"line":1,"column":40}},"1":{"start":{"line":2,"column":15},"end":{"line":2,"column":25}},"2":{"start":{"line":2,"column":46},"end":{"line":2,"column":59}},"3":{"start":{"line":2,"column":74},"end":{"line":2,"column":82}},"4":{"start":{"line":3,"column":32},"end":{"line":3,"column":52}},"5":{"start":{"line":5,"column":0},"end":{"line":48,"column":1}},"6":{"start":{"line":6,"column":4},"end":{"line":47,"column":5}},"7":{"start":{"line":7,"column":8},"end":{"line":7,"column":77}},"8":{"start":{"line":9,"column":8},"end":{"line":46,"column":9}},"9":{"start":{"line":11,"column":23},"end":{"line":11,"column":87}},"10":{"start":{"line":12,"column":12},"end":{"line":15,"column":19}},"11":{"start":{"line":13,"column":16},"end":{"line":15,"column":19}},"12":{"start":{"line":18,"column":25},"end":{"line":18,"column":95}},"13":{"start":{"line":19,"column":12},"end":{"line":22,"column":19}},"14":{"start":{"line":20,"column":16},"end":{"line":22,"column":19}},"15":{"start":{"line":24,"column":29},"end":{"line":24,"column":106}},"16":{"start":{"line":25,"column":12},"end":{"line":28,"column":19}},"17":{"start":{"line":26,"column":16},"end":{"line":28,"column":19}},"18":{"start":{"line":29,"column":12},"end":{"line":34,"column":15}},"19":{"start":{"line":35,"column":12},"end":{"line":37,"column":15}},"20":{"start":{"line":40,"column":12},"end":{"line":45,"column":19}},"21":{"start":{"line":41,"column":16},"end":{"line":41,"column":94}},"22":{"start":{"line":41,"column":80},"end":{"line":41,"column":89}},"23":{"start":{"line":43,"column":16},"end":{"line":45,"column":19}},"24":{"start":{"line":51,"column":0},"end":{"line":74,"column":1}},"25":{"start":{"line":52,"column":4},"end":{"line":73,"column":5}},"26":{"start":{"line":53,"column":8},"end":{"line":53,"column":77}},"27":{"start":{"line":55,"column":8},"end":{"line":72,"column":9}},"28":{"start":{"line":57,"column":23},"end":{"line":57,"column":87}},"29":{"start":{"line":58,"column":12},"end":{"line":61,"column":19}},"30":{"start":{"line":59,"column":16},"end":{"line":61,"column":19}},"31":{"start":{"line":62,"column":29},"end":{"line":62,"column":85}},"32":{"start":{"line":65,"column":12},"end":{"line":67,"column":15}},"33":{"start":{"line":69,"column":12},"end":{"line":71,"column":14}},"34":{"start":{"line":76,"column":0},"end":{"line":103,"column":1}},"35":{"start":{"line":77,"column":21},"end":{"line":77,"column":106}},"36":{"start":{"line":78,"column":4},"end":{"line":81,"column":11}},"37":{"start":{"line":79,"column":8},"end":{"line":81,"column":11}},"38":{"start":{"line":83,"column":4},"end":{"line":102,"column":5}},"39":{"start":{"line":84,"column":8},"end":{"line":84,"column":77}},"40":{"start":{"line":86,"column":8},"end":{"line":101,"column":9}},"41":{"start":{"line":88,"column":23},"end":{"line":88,"column":87}},"42":{"start":{"line":89,"column":12},"end":{"line":92,"column":19}},"43":{"start":{"line":90,"column":16},"end":{"line":92,"column":19}},"44":{"start":{"line":94,"column":12},"end":{"line":96,"column":15}},"45":{"start":{"line":98,"column":12},"end":{"line":100,"column":14}},"46":{"start":{"line":106,"column":0},"end":{"line":143,"column":2}},"47":{"start":{"line":107,"column":21},"end":{"line":107,"column":106}},"48":{"start":{"line":108,"column":4},"end":{"line":111,"column":11}},"49":{"start":{"line":109,"column":8},"end":{"line":111,"column":11}},"50":{"start":{"line":113,"column":4},"end":{"line":142,"column":5}},"51":{"start":{"line":114,"column":8},"end":{"line":114,"column":77}},"52":{"start":{"line":116,"column":8},"end":{"line":141,"column":9}},"53":{"start":{"line":117,"column":23},"end":{"line":117,"column":87}},"54":{"start":{"line":118,"column":12},"end":{"line":121,"column":19}},"55":{"start":{"line":119,"column":16},"end":{"line":121,"column":19}},"56":{"start":{"line":124,"column":25},"end":{"line":124,"column":110}},"57":{"start":{"line":127,"column":12},"end":{"line":130,"column":19}},"58":{"start":{"line":128,"column":16},"end":{"line":130,"column":19}},"59":{"start":{"line":132,"column":12},"end":{"line":134,"column":15}},"60":{"start":{"line":137,"column":12},"end":{"line":137,"column":28}},"61":{"start":{"line":138,"column":12},"end":{"line":140,"column":15}},"62":{"start":{"line":145,"column":0},"end":{"line":183,"column":2}},"63":{"start":{"line":146,"column":21},"end":{"line":146,"column":106}},"64":{"start":{"line":147,"column":4},"end":{"line":150,"column":11}},"65":{"start":{"line":148,"column":8},"end":{"line":150,"column":11}},"66":{"start":{"line":152,"column":4},"end":{"line":182,"column":5}},"67":{"start":{"line":153,"column":8},"end":{"line":153,"column":77}},"68":{"start":{"line":155,"column":8},"end":{"line":181,"column":9}},"69":{"start":{"line":157,"column":23},"end":{"line":157,"column":87}},"70":{"start":{"line":158,"column":12},"end":{"line":161,"column":19}},"71":{"start":{"line":159,"column":16},"end":{"line":161,"column":19}},"72":{"start":{"line":163,"column":31},"end":{"line":163,"column":125}},"73":{"start":{"line":164,"column":12},"end":{"line":164,"column":37}},"74":{"start":{"line":165,"column":12},"end":{"line":168,"column":19}},"75":{"start":{"line":166,"column":16},"end":{"line":168,"column":19}},"76":{"start":{"line":170,"column":12},"end":{"line":173,"column":15}},"77":{"start":{"line":176,"column":12},"end":{"line":177,"column":101}},"78":{"start":{"line":177,"column":16},"end":{"line":177,"column":101}},"79":{"start":{"line":177,"column":87},"end":{"line":177,"column":96}},"80":{"start":{"line":178,"column":12},"end":{"line":180,"column":15}}},"fnMap":{"0":{"name":"(anonymous_0)","decl":{"start":{"line":5,"column":17},"end":{"line":5,"column":18}},"loc":{"start":{"line":5,"column":37},"end":{"line":48,"column":1}},"line":5},"1":{"name":"(anonymous_1)","decl":{"start":{"line":41,"column":75},"end":{"line":41,"column":76}},"loc":{"start":{"line":41,"column":80},"end":{"line":41,"column":89}},"line":41},"2":{"name":"(anonymous_2)","decl":{"start":{"line":51,"column":18},"end":{"line":51,"column":19}},"loc":{"start":{"line":51,"column":38},"end":{"line":74,"column":1}},"line":51},"3":{"name":"(anonymous_3)","decl":{"start":{"line":76,"column":18},"end":{"line":76,"column":19}},"loc":{"start":{"line":76,"column":38},"end":{"line":103,"column":1}},"line":76},"4":{"name":"(anonymous_4)","decl":{"start":{"line":106,"column":17},"end":{"line":106,"column":18}},"loc":{"start":{"line":106,"column":37},"end":{"line":143,"column":1}},"line":106},"5":{"name":"(anonymous_5)","decl":{"start":{"line":145,"column":17},"end":{"line":145,"column":18}},"loc":{"start":{"line":145,"column":37},"end":{"line":183,"column":1}},"line":145},"6":{"name":"(anonymous_6)","decl":{"start":{"line":177,"column":82},"end":{"line":177,"column":83}},"loc":{"start":{"line":177,"column":87},"end":{"line":177,"column":96}},"line":177}},"branchMap":{"0":{"loc":{"start":{"line":6,"column":4},"end":{"line":47,"column":5}},"type":"if","locations":[{"start":{"line":6,"column":4},"end":{"line":47,"column":5}},{"start":{"line":8,"column":11},"end":{"line":47,"column":5}}],"line":6},"1":{"loc":{"start":{"line":6,"column":8},"end":{"line":6,"column":78}},"type":"binary-expr","locations":[{"start":{"line":6,"column":8},"end":{"line":6,"column":33}},{"start":{"line":6,"column":37},"end":{"line":6,"column":78}}],"line":6},"2":{"loc":{"start":{"line":12,"column":12},"end":{"line":15,"column":19}},"type":"if","locations":[{"start":{"line":12,"column":12},"end":{"line":15,"column":19}},{"start":{},"end":{}}],"line":12},"3":{"loc":{"start":{"line":19,"column":12},"end":{"line":22,"column":19}},"type":"if","locations":[{"start":{"line":19,"column":12},"end":{"line":22,"column":19}},{"start":{},"end":{}}],"line":19},"4":{"loc":{"start":{"line":25,"column":12},"end":{"line":28,"column":19}},"type":"if","locations":[{"start":{"line":25,"column":12},"end":{"line":28,"column":19}},{"start":{},"end":{}}],"line":25},"5":{"loc":{"start":{"line":40,"column":12},"end":{"line":45,"column":19}},"type":"if","locations":[{"start":{"line":40,"column":12},"end":{"line":45,"column":19}},{"start":{"line":43,"column":16},"end":{"line":45,"column":19}}],"line":40},"6":{"loc":{"start":{"line":44,"column":41},"end":{"line":44,"column":108}},"type":"binary-expr","locations":[{"start":{"line":44,"column":41},"end":{"line":44,"column":52}},{"start":{"line":44,"column":56},"end":{"line":44,"column":108}}],"line":44},"7":{"loc":{"start":{"line":52,"column":4},"end":{"line":73,"column":5}},"type":"if","locations":[{"start":{"line":52,"column":4},"end":{"line":73,"column":5}},{"start":{"line":54,"column":11},"end":{"line":73,"column":5}}],"line":52},"8":{"loc":{"start":{"line":52,"column":8},"end":{"line":52,"column":78}},"type":"binary-expr","locations":[{"start":{"line":52,"column":8},"end":{"line":52,"column":33}},{"start":{"line":52,"column":37},"end":{"line":52,"column":78}}],"line":52},"9":{"loc":{"start":{"line":58,"column":12},"end":{"line":61,"column":19}},"type":"if","locations":[{"start":{"line":58,"column":12},"end":{"line":61,"column":19}},{"start":{},"end":{}}],"line":58},"10":{"loc":{"start":{"line":70,"column":37},"end":{"line":70,"column":106}},"type":"binary-expr","locations":[{"start":{"line":70,"column":37},"end":{"line":70,"column":48}},{"start":{"line":70,"column":52},"end":{"line":70,"column":106}}],"line":70},"11":{"loc":{"start":{"line":78,"column":4},"end":{"line":81,"column":11}},"type":"if","locations":[{"start":{"line":78,"column":4},"end":{"line":81,"column":11}},{"start":{},"end":{}}],"line":78},"12":{"loc":{"start":{"line":83,"column":4},"end":{"line":102,"column":5}},"type":"if","locations":[{"start":{"line":83,"column":4},"end":{"line":102,"column":5}},{"start":{"line":85,"column":11},"end":{"line":102,"column":5}}],"line":83},"13":{"loc":{"start":{"line":83,"column":8},"end":{"line":83,"column":115}},"type":"binary-expr","locations":[{"start":{"line":83,"column":8},"end":{"line":83,"column":33}},{"start":{"line":83,"column":37},"end":{"line":83,"column":78}},{"start":{"line":83,"column":82},"end":{"line":83,"column":115}}],"line":83},"14":{"loc":{"start":{"line":89,"column":12},"end":{"line":92,"column":19}},"type":"if","locations":[{"start":{"line":89,"column":12},"end":{"line":92,"column":19}},{"start":{},"end":{}}],"line":89},"15":{"loc":{"start":{"line":99,"column":37},"end":{"line":99,"column":106}},"type":"binary-expr","locations":[{"start":{"line":99,"column":37},"end":{"line":99,"column":48}},{"start":{"line":99,"column":52},"end":{"line":99,"column":106}}],"line":99},"16":{"loc":{"start":{"line":108,"column":4},"end":{"line":111,"column":11}},"type":"if","locations":[{"start":{"line":108,"column":4},"end":{"line":111,"column":11}},{"start":{},"end":{}}],"line":108},"17":{"loc":{"start":{"line":113,"column":4},"end":{"line":142,"column":5}},"type":"if","locations":[{"start":{"line":113,"column":4},"end":{"line":142,"column":5}},{"start":{"line":115,"column":11},"end":{"line":142,"column":5}}],"line":113},"18":{"loc":{"start":{"line":113,"column":8},"end":{"line":113,"column":115}},"type":"binary-expr","locations":[{"start":{"line":113,"column":8},"end":{"line":113,"column":33}},{"start":{"line":113,"column":37},"end":{"line":113,"column":78}},{"start":{"line":113,"column":82},"end":{"line":113,"column":115}}],"line":113},"19":{"loc":{"start":{"line":118,"column":12},"end":{"line":121,"column":19}},"type":"if","locations":[{"start":{"line":118,"column":12},"end":{"line":121,"column":19}},{"start":{},"end":{}}],"line":118},"20":{"loc":{"start":{"line":127,"column":12},"end":{"line":130,"column":19}},"type":"if","locations":[{"start":{"line":127,"column":12},"end":{"line":130,"column":19}},{"start":{},"end":{}}],"line":127},"21":{"loc":{"start":{"line":147,"column":4},"end":{"line":150,"column":11}},"type":"if","locations":[{"start":{"line":147,"column":4},"end":{"line":150,"column":11}},{"start":{},"end":{}}],"line":147},"22":{"loc":{"start":{"line":152,"column":4},"end":{"line":182,"column":5}},"type":"if","locations":[{"start":{"line":152,"column":4},"end":{"line":182,"column":5}},{"start":{"line":154,"column":11},"end":{"line":182,"column":5}}],"line":152},"23":{"loc":{"start":{"line":152,"column":8},"end":{"line":152,"column":115}},"type":"binary-expr","locations":[{"start":{"line":152,"column":8},"end":{"line":152,"column":33}},{"start":{"line":152,"column":37},"end":{"line":152,"column":78}},{"start":{"line":152,"column":82},"end":{"line":152,"column":115}}],"line":152},"24":{"loc":{"start":{"line":158,"column":12},"end":{"line":161,"column":19}},"type":"if","locations":[{"start":{"line":158,"column":12},"end":{"line":161,"column":19}},{"start":{},"end":{}}],"line":158},"25":{"loc":{"start":{"line":165,"column":12},"end":{"line":168,"column":19}},"type":"if","locations":[{"start":{"line":165,"column":12},"end":{"line":168,"column":19}},{"start":{},"end":{}}],"line":165},"26":{"loc":{"start":{"line":176,"column":12},"end":{"line":177,"column":101}},"type":"if","locations":[{"start":{"line":176,"column":12},"end":{"line":177,"column":101}},{"start":{},"end":{}}],"line":176}},"s":{"0":1,"1":1,"2":1,"3":1,"4":1,"5":1,"6":0,"7":0,"8":0,"9":0,"10":0,"11":0,"12":0,"13":0,"14":0,"15":0,"16":0,"17":0,"18":0,"19":0,"20":0,"21":0,"22":0,"23":0,"24":1,"25":0,"26":0,"27":0,"28":0,"29":0,"30":0,"31":0,"32":0,"33":0,"34":1,"35":0,"36":0,"37":0,"38":0,"39":0,"40":0,"41":0,"42":0,"43":0,"44":0,"45":0,"46":1,"47":0,"48":0,"49":0,"50":0,"51":0,"52":0,"53":0,"54":0,"55":0,"56":0,"57":0,"58":0,"59":0,"60":0,"61":0,"62":1,"63":0,"64":0,"65":0,"66":0,"67":0,"68":0,"69":0,"70":0,"71":0,"72":0,"73":0,"74":0,"75":0,"76":0,"77":0,"78":0,"79":0,"80":0},"f":{"0":0,"1":0,"2":0,"3":0,"4":0,"5":0,"6":0},"b":{"0":[0,0],"1":[0,0],"2":[0,0],"3":[0,0],"4":[0,0],"5":[0,0],"6":[0,0],"7":[0,0],"8":[0,0],"9":[0,0],"10":[0,0],"11":[0,0],"12":[0,0],"13":[0,0,0],"14":[0,0],"15":[0,0],"16":[0,0],"17":[0,0],"18":[0,0,0],"19":[0,0],"20":[0,0],"21":[0,0],"22":[0,0],"23":[0,0,0],"24":[0,0],"25":[0,0],"26":[0,0]},"_coverageSchema":"1a1c01bbd47fc00a2c39e90264f33305004495a9","hash":"6dd18fb19ec377cf9aee2352fe5d11893e512f38"}
,"C:\\Users\\leono\\OneDrive\\Ambiente de Trabalho\\Trabalho de TPW\\vuegoovie_tpw\\cip-api\\controllers\\users.controller.js": {"path":"C:\\Users\\leono\\OneDrive\\Ambiente de Trabalho\\Trabalho de TPW\\vuegoovie_tpw\\cip-api\\controllers\\users.controller.js","statementMap":{"0":{"start":{"line":1,"column":12},"end":{"line":1,"column":29}},"1":{"start":{"line":2,"column":11},"end":{"line":2,"column":40}},"2":{"start":{"line":3,"column":13},"end":{"line":3,"column":21}},"3":{"start":{"line":4,"column":15},"end":{"line":4,"column":32}},"4":{"start":{"line":7,"column":32},"end":{"line":7,"column":52}},"5":{"start":{"line":9,"column":0},"end":{"line":34,"column":1}},"6":{"start":{"line":10,"column":4},"end":{"line":33,"column":6}},"7":{"start":{"line":13,"column":8},"end":{"line":13,"column":34}},"8":{"start":{"line":14,"column":8},"end":{"line":30,"column":9}},"9":{"start":{"line":16,"column":12},"end":{"line":25,"column":15}},"10":{"start":{"line":17,"column":16},"end":{"line":24,"column":17}},"11":{"start":{"line":18,"column":20},"end":{"line":21,"column":22}},"12":{"start":{"line":19,"column":24},"end":{"line":19,"column":52}},"13":{"start":{"line":23,"column":20},"end":{"line":23,"column":59}},"14":{"start":{"line":29,"column":12},"end":{"line":29,"column":53}},"15":{"start":{"line":32,"column":8},"end":{"line":32,"column":34}},"16":{"start":{"line":36,"column":0},"end":{"line":60,"column":1}},"17":{"start":{"line":37,"column":4},"end":{"line":59,"column":7}},"18":{"start":{"line":38,"column":8},"end":{"line":58,"column":11}},"19":{"start":{"line":39,"column":33},"end":{"line":39,"column":207}},"20":{"start":{"line":40,"column":12},"end":{"line":57,"column":14}},"21":{"start":{"line":41,"column":16},"end":{"line":49,"column":17}},"22":{"start":{"line":42,"column":20},"end":{"line":42,"column":60}},"23":{"start":{"line":44,"column":20},"end":{"line":48,"column":22}},"24":{"start":{"line":45,"column":24},"end":{"line":45,"column":64}},"25":{"start":{"line":47,"column":24},"end":{"line":47,"column":50}},"26":{"start":{"line":51,"column":16},"end":{"line":56,"column":23}},"27":{"start":{"line":52,"column":20},"end":{"line":52,"column":98}},"28":{"start":{"line":52,"column":84},"end":{"line":52,"column":93}},"29":{"start":{"line":54,"column":20},"end":{"line":56,"column":23}},"30":{"start":{"line":62,"column":0},"end":{"line":95,"column":1}},"31":{"start":{"line":63,"column":4},"end":{"line":94,"column":5}},"32":{"start":{"line":64,"column":8},"end":{"line":64,"column":77}},"33":{"start":{"line":66,"column":36},"end":{"line":66,"column":45}},"34":{"start":{"line":69,"column":8},"end":{"line":74,"column":34}},"35":{"start":{"line":70,"column":12},"end":{"line":70,"column":93}},"36":{"start":{"line":71,"column":12},"end":{"line":71,"column":19}},"37":{"start":{"line":74,"column":12},"end":{"line":74,"column":34}},"38":{"start":{"line":75,"column":8},"end":{"line":79,"column":34}},"39":{"start":{"line":76,"column":12},"end":{"line":76,"column":81}},"40":{"start":{"line":77,"column":12},"end":{"line":77,"column":19}},"41":{"start":{"line":79,"column":12},"end":{"line":79,"column":34}},"42":{"start":{"line":80,"column":22},"end":{"line":80,"column":38}},"43":{"start":{"line":81,"column":23},"end":{"line":81,"column":46}},"44":{"start":{"line":84,"column":26},"end":{"line":84,"column":79}},"45":{"start":{"line":85,"column":8},"end":{"line":93,"column":10}},"46":{"start":{"line":90,"column":12},"end":{"line":90,"column":40}},"47":{"start":{"line":92,"column":12},"end":{"line":92,"column":41}},"48":{"start":{"line":97,"column":0},"end":{"line":117,"column":2}},"49":{"start":{"line":98,"column":4},"end":{"line":116,"column":5}},"50":{"start":{"line":99,"column":8},"end":{"line":99,"column":77}},"51":{"start":{"line":101,"column":8},"end":{"line":115,"column":9}},"52":{"start":{"line":102,"column":23},"end":{"line":102,"column":87}},"53":{"start":{"line":104,"column":12},"end":{"line":109,"column":56}},"54":{"start":{"line":105,"column":16},"end":{"line":107,"column":19}},"55":{"start":{"line":109,"column":16},"end":{"line":109,"column":56}},"56":{"start":{"line":112,"column":12},"end":{"line":114,"column":15}},"57":{"start":{"line":119,"column":0},"end":{"line":142,"column":2}},"58":{"start":{"line":120,"column":4},"end":{"line":141,"column":5}},"59":{"start":{"line":121,"column":8},"end":{"line":121,"column":59}},"60":{"start":{"line":123,"column":8},"end":{"line":140,"column":9}},"61":{"start":{"line":124,"column":25},"end":{"line":124,"column":89}},"62":{"start":{"line":126,"column":12},"end":{"line":129,"column":19}},"63":{"start":{"line":127,"column":16},"end":{"line":129,"column":19}},"64":{"start":{"line":131,"column":12},"end":{"line":133,"column":15}},"65":{"start":{"line":136,"column":12},"end":{"line":136,"column":28}},"66":{"start":{"line":137,"column":12},"end":{"line":139,"column":15}},"67":{"start":{"line":143,"column":0},"end":{"line":178,"column":2}},"68":{"start":{"line":144,"column":4},"end":{"line":177,"column":5}},"69":{"start":{"line":145,"column":8},"end":{"line":145,"column":59}},"70":{"start":{"line":147,"column":8},"end":{"line":176,"column":9}},"71":{"start":{"line":148,"column":23},"end":{"line":148,"column":87}},"72":{"start":{"line":149,"column":12},"end":{"line":152,"column":19}},"73":{"start":{"line":150,"column":16},"end":{"line":152,"column":19}},"74":{"start":{"line":154,"column":31},"end":{"line":154,"column":33}},"75":{"start":{"line":155,"column":25},"end":{"line":155,"column":55}},"76":{"start":{"line":156,"column":33},"end":{"line":156,"column":73}},"77":{"start":{"line":158,"column":31},"end":{"line":158,"column":125}},"78":{"start":{"line":160,"column":12},"end":{"line":163,"column":19}},"79":{"start":{"line":161,"column":16},"end":{"line":163,"column":19}},"80":{"start":{"line":165,"column":12},"end":{"line":168,"column":15}},"81":{"start":{"line":171,"column":12},"end":{"line":172,"column":101}},"82":{"start":{"line":172,"column":16},"end":{"line":172,"column":101}},"83":{"start":{"line":172,"column":87},"end":{"line":172,"column":96}},"84":{"start":{"line":173,"column":12},"end":{"line":175,"column":15}},"85":{"start":{"line":180,"column":0},"end":{"line":215,"column":2}},"86":{"start":{"line":181,"column":4},"end":{"line":214,"column":5}},"87":{"start":{"line":182,"column":8},"end":{"line":182,"column":59}},"88":{"start":{"line":184,"column":8},"end":{"line":213,"column":9}},"89":{"start":{"line":185,"column":23},"end":{"line":185,"column":87}},"90":{"start":{"line":186,"column":12},"end":{"line":189,"column":19}},"91":{"start":{"line":187,"column":16},"end":{"line":189,"column":19}},"92":{"start":{"line":191,"column":22},"end":{"line":191,"column":30}},"93":{"start":{"line":192,"column":12},"end":{"line":192,"column":31}},"94":{"start":{"line":194,"column":31},"end":{"line":194,"column":99}},"95":{"start":{"line":196,"column":12},"end":{"line":199,"column":19}},"96":{"start":{"line":197,"column":16},"end":{"line":199,"column":19}},"97":{"start":{"line":201,"column":12},"end":{"line":204,"column":15}},"98":{"start":{"line":208,"column":12},"end":{"line":209,"column":101}},"99":{"start":{"line":209,"column":16},"end":{"line":209,"column":101}},"100":{"start":{"line":209,"column":87},"end":{"line":209,"column":96}},"101":{"start":{"line":210,"column":12},"end":{"line":212,"column":15}},"102":{"start":{"line":217,"column":0},"end":{"line":247,"column":2}},"103":{"start":{"line":218,"column":4},"end":{"line":246,"column":5}},"104":{"start":{"line":219,"column":8},"end":{"line":219,"column":59}},"105":{"start":{"line":221,"column":8},"end":{"line":245,"column":9}},"106":{"start":{"line":222,"column":23},"end":{"line":222,"column":87}},"107":{"start":{"line":223,"column":12},"end":{"line":226,"column":19}},"108":{"start":{"line":224,"column":16},"end":{"line":226,"column":19}},"109":{"start":{"line":228,"column":12},"end":{"line":231,"column":19}},"110":{"start":{"line":229,"column":16},"end":{"line":231,"column":19}},"111":{"start":{"line":232,"column":27},"end":{"line":232,"column":42}},"112":{"start":{"line":233,"column":12},"end":{"line":233,"column":100}},"113":{"start":{"line":234,"column":12},"end":{"line":237,"column":15}},"114":{"start":{"line":240,"column":12},"end":{"line":241,"column":101}},"115":{"start":{"line":241,"column":16},"end":{"line":241,"column":101}},"116":{"start":{"line":241,"column":87},"end":{"line":241,"column":96}},"117":{"start":{"line":242,"column":12},"end":{"line":244,"column":15}},"118":{"start":{"line":249,"column":0},"end":{"line":279,"column":2}},"119":{"start":{"line":250,"column":4},"end":{"line":278,"column":5}},"120":{"start":{"line":251,"column":8},"end":{"line":251,"column":59}},"121":{"start":{"line":253,"column":8},"end":{"line":277,"column":9}},"122":{"start":{"line":254,"column":23},"end":{"line":254,"column":87}},"123":{"start":{"line":255,"column":12},"end":{"line":258,"column":19}},"124":{"start":{"line":256,"column":16},"end":{"line":258,"column":19}},"125":{"start":{"line":260,"column":12},"end":{"line":263,"column":19}},"126":{"start":{"line":261,"column":16},"end":{"line":263,"column":19}},"127":{"start":{"line":264,"column":27},"end":{"line":264,"column":42}},"128":{"start":{"line":265,"column":12},"end":{"line":265,"column":99}},"129":{"start":{"line":266,"column":12},"end":{"line":269,"column":15}},"130":{"start":{"line":272,"column":12},"end":{"line":273,"column":101}},"131":{"start":{"line":273,"column":16},"end":{"line":273,"column":101}},"132":{"start":{"line":273,"column":87},"end":{"line":273,"column":96}},"133":{"start":{"line":274,"column":12},"end":{"line":276,"column":15}},"134":{"start":{"line":281,"column":0},"end":{"line":311,"column":2}},"135":{"start":{"line":282,"column":4},"end":{"line":310,"column":5}},"136":{"start":{"line":283,"column":8},"end":{"line":283,"column":59}},"137":{"start":{"line":285,"column":8},"end":{"line":309,"column":9}},"138":{"start":{"line":286,"column":23},"end":{"line":286,"column":87}},"139":{"start":{"line":287,"column":12},"end":{"line":290,"column":19}},"140":{"start":{"line":288,"column":16},"end":{"line":290,"column":19}},"141":{"start":{"line":292,"column":12},"end":{"line":295,"column":19}},"142":{"start":{"line":293,"column":16},"end":{"line":295,"column":19}},"143":{"start":{"line":296,"column":27},"end":{"line":296,"column":42}},"144":{"start":{"line":297,"column":12},"end":{"line":297,"column":99}},"145":{"start":{"line":298,"column":12},"end":{"line":301,"column":15}},"146":{"start":{"line":304,"column":12},"end":{"line":305,"column":101}},"147":{"start":{"line":305,"column":16},"end":{"line":305,"column":101}},"148":{"start":{"line":305,"column":87},"end":{"line":305,"column":96}},"149":{"start":{"line":306,"column":12},"end":{"line":308,"column":15}}},"fnMap":{"0":{"name":"(anonymous_0)","decl":{"start":{"line":9,"column":16},"end":{"line":9,"column":17}},"loc":{"start":{"line":9,"column":36},"end":{"line":34,"column":1}},"line":9},"1":{"name":"(anonymous_1)","decl":{"start":{"line":12,"column":12},"end":{"line":12,"column":13}},"loc":{"start":{"line":12,"column":23},"end":{"line":31,"column":5}},"line":12},"2":{"name":"(anonymous_2)","decl":{"start":{"line":16,"column":70},"end":{"line":16,"column":71}},"loc":{"start":{"line":16,"column":88},"end":{"line":25,"column":13}},"line":16},"3":{"name":"(anonymous_3)","decl":{"start":{"line":18,"column":67},"end":{"line":18,"column":68}},"loc":{"start":{"line":18,"column":78},"end":{"line":21,"column":21}},"line":18},"4":{"name":"(anonymous_4)","decl":{"start":{"line":31,"column":13},"end":{"line":31,"column":14}},"loc":{"start":{"line":31,"column":22},"end":{"line":33,"column":5}},"line":31},"5":{"name":"(anonymous_5)","decl":{"start":{"line":36,"column":19},"end":{"line":36,"column":20}},"loc":{"start":{"line":36,"column":39},"end":{"line":60,"column":1}},"line":36},"6":{"name":"(anonymous_6)","decl":{"start":{"line":37,"column":23},"end":{"line":37,"column":24}},"loc":{"start":{"line":37,"column":44},"end":{"line":59,"column":5}},"line":37},"7":{"name":"(anonymous_7)","decl":{"start":{"line":38,"column":45},"end":{"line":38,"column":46}},"loc":{"start":{"line":38,"column":66},"end":{"line":58,"column":9}},"line":38},"8":{"name":"(anonymous_8)","decl":{"start":{"line":40,"column":74},"end":{"line":40,"column":75}},"loc":{"start":{"line":40,"column":85},"end":{"line":50,"column":13}},"line":40},"9":{"name":"(anonymous_9)","decl":{"start":{"line":44,"column":45},"end":{"line":44,"column":46}},"loc":{"start":{"line":44,"column":58},"end":{"line":46,"column":21}},"line":44},"10":{"name":"(anonymous_10)","decl":{"start":{"line":46,"column":29},"end":{"line":46,"column":30}},"loc":{"start":{"line":46,"column":38},"end":{"line":48,"column":21}},"line":46},"11":{"name":"(anonymous_11)","decl":{"start":{"line":50,"column":21},"end":{"line":50,"column":22}},"loc":{"start":{"line":50,"column":30},"end":{"line":57,"column":13}},"line":50},"12":{"name":"(anonymous_12)","decl":{"start":{"line":52,"column":79},"end":{"line":52,"column":80}},"loc":{"start":{"line":52,"column":84},"end":{"line":52,"column":93}},"line":52},"13":{"name":"(anonymous_13)","decl":{"start":{"line":62,"column":22},"end":{"line":62,"column":23}},"loc":{"start":{"line":62,"column":42},"end":{"line":95,"column":1}},"line":62},"14":{"name":"(anonymous_14)","decl":{"start":{"line":89,"column":16},"end":{"line":89,"column":17}},"loc":{"start":{"line":89,"column":28},"end":{"line":91,"column":9}},"line":89},"15":{"name":"(anonymous_15)","decl":{"start":{"line":91,"column":17},"end":{"line":91,"column":18}},"loc":{"start":{"line":91,"column":28},"end":{"line":93,"column":9}},"line":91},"16":{"name":"(anonymous_16)","decl":{"start":{"line":97,"column":17},"end":{"line":97,"column":18}},"loc":{"start":{"line":97,"column":37},"end":{"line":117,"column":1}},"line":97},"17":{"name":"(anonymous_17)","decl":{"start":{"line":119,"column":21},"end":{"line":119,"column":22}},"loc":{"start":{"line":119,"column":41},"end":{"line":142,"column":1}},"line":119},"18":{"name":"(anonymous_18)","decl":{"start":{"line":143,"column":25},"end":{"line":143,"column":26}},"loc":{"start":{"line":143,"column":45},"end":{"line":178,"column":1}},"line":143},"19":{"name":"(anonymous_19)","decl":{"start":{"line":172,"column":82},"end":{"line":172,"column":83}},"loc":{"start":{"line":172,"column":87},"end":{"line":172,"column":96}},"line":172},"20":{"name":"(anonymous_20)","decl":{"start":{"line":180,"column":21},"end":{"line":180,"column":22}},"loc":{"start":{"line":180,"column":41},"end":{"line":215,"column":1}},"line":180},"21":{"name":"(anonymous_21)","decl":{"start":{"line":209,"column":82},"end":{"line":209,"column":83}},"loc":{"start":{"line":209,"column":87},"end":{"line":209,"column":96}},"line":209},"22":{"name":"(anonymous_22)","decl":{"start":{"line":217,"column":20},"end":{"line":217,"column":21}},"loc":{"start":{"line":217,"column":40},"end":{"line":247,"column":1}},"line":217},"23":{"name":"(anonymous_23)","decl":{"start":{"line":241,"column":82},"end":{"line":241,"column":83}},"loc":{"start":{"line":241,"column":87},"end":{"line":241,"column":96}},"line":241},"24":{"name":"(anonymous_24)","decl":{"start":{"line":249,"column":19},"end":{"line":249,"column":20}},"loc":{"start":{"line":249,"column":39},"end":{"line":279,"column":1}},"line":249},"25":{"name":"(anonymous_25)","decl":{"start":{"line":273,"column":82},"end":{"line":273,"column":83}},"loc":{"start":{"line":273,"column":87},"end":{"line":273,"column":96}},"line":273},"26":{"name":"(anonymous_26)","decl":{"start":{"line":281,"column":20},"end":{"line":281,"column":21}},"loc":{"start":{"line":281,"column":40},"end":{"line":311,"column":1}},"line":281},"27":{"name":"(anonymous_27)","decl":{"start":{"line":305,"column":82},"end":{"line":305,"column":83}},"loc":{"start":{"line":305,"column":87},"end":{"line":305,"column":96}},"line":305}},"branchMap":{"0":{"loc":{"start":{"line":14,"column":8},"end":{"line":30,"column":9}},"type":"if","locations":[{"start":{"line":14,"column":8},"end":{"line":30,"column":9}},{"start":{"line":28,"column":15},"end":{"line":30,"column":9}}],"line":14},"1":{"loc":{"start":{"line":17,"column":16},"end":{"line":24,"column":17}},"type":"if","locations":[{"start":{"line":17,"column":16},"end":{"line":24,"column":17}},{"start":{"line":22,"column":23},"end":{"line":24,"column":17}}],"line":17},"2":{"loc":{"start":{"line":41,"column":16},"end":{"line":49,"column":17}},"type":"if","locations":[{"start":{"line":41,"column":16},"end":{"line":49,"column":17}},{"start":{"line":43,"column":23},"end":{"line":49,"column":17}}],"line":41},"3":{"loc":{"start":{"line":51,"column":16},"end":{"line":56,"column":23}},"type":"if","locations":[{"start":{"line":51,"column":16},"end":{"line":56,"column":23}},{"start":{"line":54,"column":20},"end":{"line":56,"column":23}}],"line":51},"4":{"loc":{"start":{"line":55,"column":45},"end":{"line":55,"column":106}},"type":"binary-expr","locations":[{"start":{"line":55,"column":45},"end":{"line":55,"column":56}},{"start":{"line":55,"column":60},"end":{"line":55,"column":106}}],"line":55},"5":{"loc":{"start":{"line":63,"column":4},"end":{"line":94,"column":5}},"type":"if","locations":[{"start":{"line":63,"column":4},"end":{"line":94,"column":5}},{"start":{"line":65,"column":11},"end":{"line":94,"column":5}}],"line":63},"6":{"loc":{"start":{"line":69,"column":8},"end":{"line":74,"column":34}},"type":"if","locations":[{"start":{"line":69,"column":8},"end":{"line":74,"column":34}},{"start":{"line":74,"column":12},"end":{"line":74,"column":34}}],"line":69},"7":{"loc":{"start":{"line":69,"column":12},"end":{"line":69,"column":60}},"type":"binary-expr","locations":[{"start":{"line":69,"column":12},"end":{"line":69,"column":16}},{"start":{"line":69,"column":20},"end":{"line":69,"column":60}}],"line":69},"8":{"loc":{"start":{"line":75,"column":8},"end":{"line":79,"column":34}},"type":"if","locations":[{"start":{"line":75,"column":8},"end":{"line":79,"column":34}},{"start":{"line":79,"column":12},"end":{"line":79,"column":34}}],"line":75},"9":{"loc":{"start":{"line":75,"column":12},"end":{"line":75,"column":58}},"type":"binary-expr","locations":[{"start":{"line":75,"column":12},"end":{"line":75,"column":16}},{"start":{"line":75,"column":20},"end":{"line":75,"column":58}}],"line":75},"10":{"loc":{"start":{"line":80,"column":22},"end":{"line":80,"column":38}},"type":"cond-expr","locations":[{"start":{"line":80,"column":29},"end":{"line":80,"column":33}},{"start":{"line":80,"column":36},"end":{"line":80,"column":38}}],"line":80},"11":{"loc":{"start":{"line":81,"column":23},"end":{"line":81,"column":46}},"type":"cond-expr","locations":[{"start":{"line":81,"column":30},"end":{"line":81,"column":42}},{"start":{"line":81,"column":45},"end":{"line":81,"column":46}}],"line":81},"12":{"loc":{"start":{"line":84,"column":26},"end":{"line":84,"column":79}},"type":"cond-expr","locations":[{"start":{"line":84,"column":34},"end":{"line":84,"column":72}},{"start":{"line":84,"column":75},"end":{"line":84,"column":79}}],"line":84},"13":{"loc":{"start":{"line":98,"column":4},"end":{"line":116,"column":5}},"type":"if","locations":[{"start":{"line":98,"column":4},"end":{"line":116,"column":5}},{"start":{"line":100,"column":11},"end":{"line":116,"column":5}}],"line":98},"14":{"loc":{"start":{"line":98,"column":8},"end":{"line":98,"column":78}},"type":"binary-expr","locations":[{"start":{"line":98,"column":8},"end":{"line":98,"column":33}},{"start":{"line":98,"column":37},"end":{"line":98,"column":78}}],"line":98},"15":{"loc":{"start":{"line":104,"column":12},"end":{"line":109,"column":56}},"type":"if","locations":[{"start":{"line":104,"column":12},"end":{"line":109,"column":56}},{"start":{"line":109,"column":16},"end":{"line":109,"column":56}}],"line":104},"16":{"loc":{"start":{"line":120,"column":4},"end":{"line":141,"column":5}},"type":"if","locations":[{"start":{"line":120,"column":4},"end":{"line":141,"column":5}},{"start":{"line":122,"column":11},"end":{"line":141,"column":5}}],"line":120},"17":{"loc":{"start":{"line":120,"column":8},"end":{"line":120,"column":78}},"type":"binary-expr","locations":[{"start":{"line":120,"column":8},"end":{"line":120,"column":33}},{"start":{"line":120,"column":37},"end":{"line":120,"column":78}}],"line":120},"18":{"loc":{"start":{"line":126,"column":12},"end":{"line":129,"column":19}},"type":"if","locations":[{"start":{"line":126,"column":12},"end":{"line":129,"column":19}},{"start":{},"end":{}}],"line":126},"19":{"loc":{"start":{"line":144,"column":4},"end":{"line":177,"column":5}},"type":"if","locations":[{"start":{"line":144,"column":4},"end":{"line":177,"column":5}},{"start":{"line":146,"column":11},"end":{"line":177,"column":5}}],"line":144},"20":{"loc":{"start":{"line":144,"column":8},"end":{"line":144,"column":78}},"type":"binary-expr","locations":[{"start":{"line":144,"column":8},"end":{"line":144,"column":33}},{"start":{"line":144,"column":37},"end":{"line":144,"column":78}}],"line":144},"21":{"loc":{"start":{"line":149,"column":12},"end":{"line":152,"column":19}},"type":"if","locations":[{"start":{"line":149,"column":12},"end":{"line":152,"column":19}},{"start":{},"end":{}}],"line":149},"22":{"loc":{"start":{"line":160,"column":12},"end":{"line":163,"column":19}},"type":"if","locations":[{"start":{"line":160,"column":12},"end":{"line":163,"column":19}},{"start":{},"end":{}}],"line":160},"23":{"loc":{"start":{"line":171,"column":12},"end":{"line":172,"column":101}},"type":"if","locations":[{"start":{"line":171,"column":12},"end":{"line":172,"column":101}},{"start":{},"end":{}}],"line":171},"24":{"loc":{"start":{"line":181,"column":4},"end":{"line":214,"column":5}},"type":"if","locations":[{"start":{"line":181,"column":4},"end":{"line":214,"column":5}},{"start":{"line":183,"column":11},"end":{"line":214,"column":5}}],"line":181},"25":{"loc":{"start":{"line":181,"column":8},"end":{"line":181,"column":78}},"type":"binary-expr","locations":[{"start":{"line":181,"column":8},"end":{"line":181,"column":33}},{"start":{"line":181,"column":37},"end":{"line":181,"column":78}}],"line":181},"26":{"loc":{"start":{"line":186,"column":12},"end":{"line":189,"column":19}},"type":"if","locations":[{"start":{"line":186,"column":12},"end":{"line":189,"column":19}},{"start":{},"end":{}}],"line":186},"27":{"loc":{"start":{"line":196,"column":12},"end":{"line":199,"column":19}},"type":"if","locations":[{"start":{"line":196,"column":12},"end":{"line":199,"column":19}},{"start":{},"end":{}}],"line":196},"28":{"loc":{"start":{"line":208,"column":12},"end":{"line":209,"column":101}},"type":"if","locations":[{"start":{"line":208,"column":12},"end":{"line":209,"column":101}},{"start":{},"end":{}}],"line":208},"29":{"loc":{"start":{"line":218,"column":4},"end":{"line":246,"column":5}},"type":"if","locations":[{"start":{"line":218,"column":4},"end":{"line":246,"column":5}},{"start":{"line":220,"column":11},"end":{"line":246,"column":5}}],"line":218},"30":{"loc":{"start":{"line":218,"column":8},"end":{"line":218,"column":78}},"type":"binary-expr","locations":[{"start":{"line":218,"column":8},"end":{"line":218,"column":33}},{"start":{"line":218,"column":37},"end":{"line":218,"column":78}}],"line":218},"31":{"loc":{"start":{"line":223,"column":12},"end":{"line":226,"column":19}},"type":"if","locations":[{"start":{"line":223,"column":12},"end":{"line":226,"column":19}},{"start":{},"end":{}}],"line":223},"32":{"loc":{"start":{"line":228,"column":12},"end":{"line":231,"column":19}},"type":"if","locations":[{"start":{"line":228,"column":12},"end":{"line":231,"column":19}},{"start":{},"end":{}}],"line":228},"33":{"loc":{"start":{"line":240,"column":12},"end":{"line":241,"column":101}},"type":"if","locations":[{"start":{"line":240,"column":12},"end":{"line":241,"column":101}},{"start":{},"end":{}}],"line":240},"34":{"loc":{"start":{"line":250,"column":4},"end":{"line":278,"column":5}},"type":"if","locations":[{"start":{"line":250,"column":4},"end":{"line":278,"column":5}},{"start":{"line":252,"column":11},"end":{"line":278,"column":5}}],"line":250},"35":{"loc":{"start":{"line":250,"column":8},"end":{"line":250,"column":78}},"type":"binary-expr","locations":[{"start":{"line":250,"column":8},"end":{"line":250,"column":33}},{"start":{"line":250,"column":37},"end":{"line":250,"column":78}}],"line":250},"36":{"loc":{"start":{"line":255,"column":12},"end":{"line":258,"column":19}},"type":"if","locations":[{"start":{"line":255,"column":12},"end":{"line":258,"column":19}},{"start":{},"end":{}}],"line":255},"37":{"loc":{"start":{"line":260,"column":12},"end":{"line":263,"column":19}},"type":"if","locations":[{"start":{"line":260,"column":12},"end":{"line":263,"column":19}},{"start":{},"end":{}}],"line":260},"38":{"loc":{"start":{"line":272,"column":12},"end":{"line":273,"column":101}},"type":"if","locations":[{"start":{"line":272,"column":12},"end":{"line":273,"column":101}},{"start":{},"end":{}}],"line":272},"39":{"loc":{"start":{"line":282,"column":4},"end":{"line":310,"column":5}},"type":"if","locations":[{"start":{"line":282,"column":4},"end":{"line":310,"column":5}},{"start":{"line":284,"column":11},"end":{"line":310,"column":5}}],"line":282},"40":{"loc":{"start":{"line":282,"column":8},"end":{"line":282,"column":78}},"type":"binary-expr","locations":[{"start":{"line":282,"column":8},"end":{"line":282,"column":33}},{"start":{"line":282,"column":37},"end":{"line":282,"column":78}}],"line":282},"41":{"loc":{"start":{"line":287,"column":12},"end":{"line":290,"column":19}},"type":"if","locations":[{"start":{"line":287,"column":12},"end":{"line":290,"column":19}},{"start":{},"end":{}}],"line":287},"42":{"loc":{"start":{"line":292,"column":12},"end":{"line":295,"column":19}},"type":"if","locations":[{"start":{"line":292,"column":12},"end":{"line":295,"column":19}},{"start":{},"end":{}}],"line":292},"43":{"loc":{"start":{"line":304,"column":12},"end":{"line":305,"column":101}},"type":"if","locations":[{"start":{"line":304,"column":12},"end":{"line":305,"column":101}},{"start":{},"end":{}}],"line":304}},"s":{"0":1,"1":1,"2":1,"3":1,"4":1,"5":1,"6":0,"7":0,"8":0,"9":0,"10":0,"11":0,"12":0,"13":0,"14":0,"15":0,"16":1,"17":0,"18":0,"19":0,"20":0,"21":0,"22":0,"23":0,"24":0,"25":0,"26":0,"27":0,"28":0,"29":0,"30":1,"31":0,"32":0,"33":0,"34":0,"35":0,"36":0,"37":0,"38":0,"39":0,"40":0,"41":0,"42":0,"43":0,"44":0,"45":0,"46":0,"47":0,"48":1,"49":0,"50":0,"51":0,"52":0,"53":0,"54":0,"55":0,"56":0,"57":1,"58":0,"59":0,"60":0,"61":0,"62":0,"63":0,"64":0,"65":0,"66":0,"67":1,"68":0,"69":0,"70":0,"71":0,"72":0,"73":0,"74":0,"75":0,"76":0,"77":0,"78":0,"79":0,"80":0,"81":0,"82":0,"83":0,"84":0,"85":1,"86":0,"87":0,"88":0,"89":0,"90":0,"91":0,"92":0,"93":0,"94":0,"95":0,"96":0,"97":0,"98":0,"99":0,"100":0,"101":0,"102":1,"103":0,"104":0,"105":0,"106":0,"107":0,"108":0,"109":0,"110":0,"111":0,"112":0,"113":0,"114":0,"115":0,"116":0,"117":0,"118":1,"119":0,"120":0,"121":0,"122":0,"123":0,"124":0,"125":0,"126":0,"127":0,"128":0,"129":0,"130":0,"131":0,"132":0,"133":0,"134":1,"135":0,"136":0,"137":0,"138":0,"139":0,"140":0,"141":0,"142":0,"143":0,"144":0,"145":0,"146":0,"147":0,"148":0,"149":0},"f":{"0":0,"1":0,"2":0,"3":0,"4":0,"5":0,"6":0,"7":0,"8":0,"9":0,"10":0,"11":0,"12":0,"13":0,"14":0,"15":0,"16":0,"17":0,"18":0,"19":0,"20":0,"21":0,"22":0,"23":0,"24":0,"25":0,"26":0,"27":0},"b":{"0":[0,0],"1":[0,0],"2":[0,0],"3":[0,0],"4":[0,0],"5":[0,0],"6":[0,0],"7":[0,0],"8":[0,0],"9":[0,0],"10":[0,0],"11":[0,0],"12":[0,0],"13":[0,0],"14":[0,0],"15":[0,0],"16":[0,0],"17":[0,0],"18":[0,0],"19":[0,0],"20":[0,0],"21":[0,0],"22":[0,0],"23":[0,0],"24":[0,0],"25":[0,0],"26":[0,0],"27":[0,0],"28":[0,0],"29":[0,0],"30":[0,0],"31":[0,0],"32":[0,0],"33":[0,0],"34":[0,0],"35":[0,0],"36":[0,0],"37":[0,0],"38":[0,0],"39":[0,0],"40":[0,0],"41":[0,0],"42":[0,0],"43":[0,0]},"_coverageSchema":"1a1c01bbd47fc00a2c39e90264f33305004495a9","hash":"123aab8782b0aa9b1c09b8285309a4ae799e5fec"}
,"C:\\Users\\leono\\OneDrive\\Ambiente de Trabalho\\Trabalho de TPW\\vuegoovie_tpw\\cip-api\\models\\courses.model.js": {"path":"C:\\Users\\leono\\OneDrive\\Ambiente de Trabalho\\Trabalho de TPW\\vuegoovie_tpw\\cip-api\\models\\courses.model.js","statementMap":{"0":{"start":{"line":11,"column":0},"end":{"line":53,"column":2}},"1":{"start":{"line":12,"column":20},"end":{"line":51,"column":6}},"2":{"start":{"line":52,"column":4},"end":{"line":52,"column":19}}},"fnMap":{"0":{"name":"(anonymous_0)","decl":{"start":{"line":11,"column":17},"end":{"line":11,"column":18}},"loc":{"start":{"line":11,"column":43},"end":{"line":53,"column":1}},"line":11}},"branchMap":{},"s":{"0":1,"1":1,"2":1},"f":{"0":1},"b":{},"_coverageSchema":"1a1c01bbd47fc00a2c39e90264f33305004495a9","hash":"c34e1c7f0f48f68f08ae9756638fabc39e02540e"}
,"C:\\Users\\leono\\OneDrive\\Ambiente de Trabalho\\Trabalho de TPW\\vuegoovie_tpw\\cip-api\\models\\index.js": {"path":"C:\\Users\\leono\\OneDrive\\Ambiente de Trabalho\\Trabalho de TPW\\vuegoovie_tpw\\cip-api\\models\\index.js","statementMap":{"0":{"start":{"line":1,"column":17},"end":{"line":1,"column":50}},"1":{"start":{"line":2,"column":33},"end":{"line":2,"column":53}},"2":{"start":{"line":6,"column":18},"end":{"line":16,"column":2}},"3":{"start":{"line":18,"column":0},"end":{"line":25,"column":5}},"4":{"start":{"line":19,"column":4},"end":{"line":24,"column":5}},"5":{"start":{"line":20,"column":8},"end":{"line":20,"column":37}},"6":{"start":{"line":21,"column":8},"end":{"line":21,"column":69}},"7":{"start":{"line":23,"column":8},"end":{"line":23,"column":65}},"8":{"start":{"line":27,"column":11},"end":{"line":27,"column":13}},"9":{"start":{"line":28,"column":0},"end":{"line":28,"column":25}},"10":{"start":{"line":31,"column":0},"end":{"line":31,"column":61}},"11":{"start":{"line":32,"column":0},"end":{"line":32,"column":65}},"12":{"start":{"line":33,"column":0},"end":{"line":33,"column":65}},"13":{"start":{"line":34,"column":0},"end":{"line":34,"column":71}},"14":{"start":{"line":35,"column":0},"end":{"line":35,"column":59}},"15":{"start":{"line":38,"column":0},"end":{"line":38,"column":80}},"16":{"start":{"line":39,"column":0},"end":{"line":39,"column":34}},"17":{"start":{"line":42,"column":0},"end":{"line":42,"column":79}},"18":{"start":{"line":43,"column":0},"end":{"line":43,"column":34}},"19":{"start":{"line":46,"column":0},"end":{"line":46,"column":83}},"20":{"start":{"line":47,"column":0},"end":{"line":47,"column":36}},"21":{"start":{"line":49,"column":0},"end":{"line":51,"column":2}},"22":{"start":{"line":50,"column":4},"end":{"line":50,"column":23}},"23":{"start":{"line":52,"column":0},"end":{"line":52,"column":20}}},"fnMap":{"0":{"name":"(anonymous_0)","decl":{"start":{"line":18,"column":1},"end":{"line":18,"column":2}},"loc":{"start":{"line":18,"column":13},"end":{"line":25,"column":1}},"line":18},"1":{"name":"(anonymous_1)","decl":{"start":{"line":49,"column":30},"end":{"line":49,"column":31}},"loc":{"start":{"line":49,"column":39},"end":{"line":51,"column":1}},"line":49}},"branchMap":{},"s":{"0":1,"1":1,"2":1,"3":1,"4":1,"5":1,"6":1,"7":0,"8":1,"9":1,"10":1,"11":1,"12":1,"13":1,"14":1,"15":1,"16":1,"17":1,"18":1,
[...]
,"C:\\Users\\leono\\OneDrive\\Ambiente de Trabalho\\Trabalho de TPW\\vuegoovie_tpw\\cip-api\\models\\users.model.js": {"path":"C:\\Users\\leono\\OneDrive\\Ambiente de Trabalho\\Trabalho de TPW\\vuegoovie_tpw\\cip-api\\models\\users.model.js","statementMap":{"0":{"start":{"line":11,"column":18},"end":{"line":11,"column":69}},"1":{"start":{"line":12,"column":0},"end":{"line":53,"column":2}},"2":{"start":{"line":13,"column":18},"end":{"line":51,"column":6}},"3":{"start":{"line":52,"column":4},"end":{"line":52,"column":17}}},"fnMap":{"0":{"name":"(anonymous_0)","decl":{"start":{"line":12,"column":17},"end":{"line":12,"column":18}},"loc":{"start":{"line":12,"column":43},"end":{"line":53,"column":1}},"line":12}},"branchMap":{},"s":{"0":1,"1":1,"2":1,"3":1},"f":{"0":1},"b":{},"_coverageSchema":"1a1c01bbd47fc00a2c39e90264f33305004495a9","hash":"5f2a886af27dbb3915b3f0e7626e4f08ceafca3f"}
,"C:\\Users\\leono\\OneDrive\\Ambiente de Trabalho\\Trabalho de TPW\\vuegoovie_tpw\\cip-api\\routes\\courses.routes.js": {"path":"C:\\Users\\leono\\OneDrive\\Ambiente de Trabalho\\Trabalho de TPW\\vuegoovie_tpw\\cip-api\\routes\\courses.routes.js","statementMap":{"0":{"start":{"line":1,"column":16},"end":{"line":1,"column":34}},"1":{"start":{"line":2,"column":15},"end":{"line":2,"column":31}},"2":{"start":{"line":3,"column":25},"end":{"line":3,"column":69}},"3":{"start":{"line":4,"column":42},"end":{"line":4,"column":70}},"4":{"start":{"line":7,"column":22},"end":{"line":7,"column":49}},"5":{"start":{"line":10,"column":0},"end":{"line":18,"column":2}},"6":{"start":{"line":11,"column":18},"end":{"line":11,"column":28}},"7":{"start":{"line":12,"column":4},"end":{"line":16,"column":7}},"8":{"start":{"line":13,"column":20},"end":{"line":13,"column":30}},"9":{"start":{"line":14,"column":28},"end":{"line":14,"column":55}},"10":{"start":{"line":15,"column":8},"end":{"line":15,"column":92}},"11":{"start":{"line":17,"column":4},"end":{"line":17,"column":10}},"12":{"start":{"line":30,"column":0},"end":{"line":44,"column":2}},"13":{"start":{"line":38,"column":19},"end":{"line":38,"column":40}},"14":{"start":{"line":39,"column":4},"end":{"line":43,"column":5}},"15":{"start":{"line":40,"column":8},"end":{"line":40,"column":48}},"16":{"start":{"line":42,"column":8},"end":{"line":42,"column":56}},"17":{"start":{"line":54,"column":0},"end":{"line":56,"column":2}},"18":{"start":{"line":55,"column":4},"end":{"line":55,"column":44}},"19":{"start":{"line":68,"column":0},"end":{"line":77,"column":2}},"20":{"start":{"line":71,"column":19},"end":{"line":71,"column":40}},"21":{"start":{"line":72,"column":4},"end":{"line":76,"column":5}},"22":{"start":{"line":73,"column":8},"end":{"line":73,"column":60}},"23":{"start":{"line":75,"column":8},"end":{"line":75,"column":56}},"24":{"start":{"line":89,"column":0},"end":{"line":98,"column":2}},"25":{"start":{"line":92,"column":19},"end":{"line":92,"column":40}},"26":{"start":{"line":93,"column":4},"end":{"line":97,"column":5}},"27":{"start":{"line":94,"column":8},"end":{"line":94,"column":52}},"28":{"start":{"line":96,"column":8},"end":{"line":96,"column":56}},"29":{"start":{"line":110,"column":0},"end":{"line":112,"column":2}},"30":{"start":{"line":111,"column":4},"end":{"line":111,"column":43}},"31":{"start":{"line":124,"column":0},"end":{"line":126,"column":2}},"32":{"start":{"line":125,"column":4},"end":{"line":125,"column":43}},"33":{"start":{"line":129,"column":0},"end":{"line":129,"column":49}},"34":{"start":{"line":131,"column":0},"end":{"line":134,"column":2}},"35":{"start":{"line":133,"column":4},"end":{"line":133,"column":56}},"36":{"start":{"line":136,"column":0},"end":{"line":136,"column":24}}},"fnMap":{"0":{"name":"(anonymous_0)","decl":{"start":{"line":10,"column":11},"end":{"line":10,"column":12}},"loc":{"start":{"line":10,"column":31},"end":{"line":18,"column":1}},"line":10},"1":{"name":"(anonymous_1)","decl":{"start":{"line":12,"column":21},"end":{"line":12,"column":22}},"loc":{"start":{"line":12,"column":27},"end":{"line":16,"column":5}},"line":12},"2":{"name":"(anonymous_2)","decl":{"start":{"line":37,"column":3},"end":{"line":37,"column":4}},"loc":{"start":{"line":37,"column":23},"end":{"line":44,"column":1}},"line":37},"3":{"name":"(anonymous_3)","decl":{"start":{"line":54,"column":16},"end":{"line":54,"column":17}},"loc":{"start":{"line":54,"column":36},"end":{"line":56,"column":1}},"line":54},"4":{"name":"(anonymous_4)","decl":{"start":{"line":70,"column":3},"end":{"line":70,"column":4}},"loc":{"start":{"line":70,"column":23},"end":{"line":77,"column":1}},"line":70},"5":{"name":"(anonymous_5)","decl":{"start":{"line":91,"column":3},"end":{"line":91,"column":4}},"loc":{"start":{"line":91,"column":23},"end":{"line":98,"column":1}},"line":91},"6":{"name":"(anonymous_6)","decl":{"start":{"line":110,"column":27},"end":{"line":110,"column":28}},"loc":{"start":{"line":110,"column":47},"end":{"line":112,"column":1}},"line":110},"7":{"name":"(anonymous_7)","decl":{"start":{"line":124,"column":30},"end":{"line":124,"column":31}},"loc":{"start":{"line":124,"column":50},"end":{"line":126,"column":1}},"line":124},"8":{"name":"(anonymous_8)","decl":{"start":{"line":131,"column":16},"end":{"line":131,"column":17}},"loc":{"start":{"line":131,"column":36},"end":{"line":134,"column":1}},"line":131}},"branchMap":{"0":{"loc":{"start":{"line":39,"column":4},"end":{"line":43,"column":5}},"type":"if","locations":[{"start":{"line":39,"column":4},"end":{"line":43,"column":5}},{"start":{"line":41,"column":11},"end":{"line":43,"column":5}}],"line":39},"1":{"loc":{"start":{"line":72,"column":4},"end":{"line":76,"column":5}},"type":"if","locations":[{"start":{"line":72,"column":4},"end":{"line":76,"column":5}},{"start":{"line":74,"column":11},"end":{"line":76,"column":5}}],"line":72},"2":{"loc":{"start":{"line":93,"column":4},"end":{"line":97,"column":5}},"type":"if","locations":[{"start":{"line":93,"column":4},"end":{"line":97,"column":5}},{"start":{"line":95,"column":11},"end":{"line":97,"column":5}}],"line":93}},"s":{"0":1,"1":1,"2":1,"3":1,"4":1,"5":1,"6":0,"7":0,"8":0,"9":0,"10":0,"11":0,"12":1,"13":0,"14":0,"15":0,"16":0,"17":1,"18":0,"19":1,"20":0,"21":0,"22":0,"23":0,"24":1,"25":0,"26":0,"27":0,"28":0,"29":1,"30":0,"31":1,"32":0,"33":1,"34":1,"35":0,"36":1},"f":{"0":0,"1":0,"2":0,"3":0,"4":0,"5":0,"6":0,"7":0,"8":0},"b":{"0":[0,0],"1":[0,0],"2":[0,0]},"_coverageSchema":"1a1c01bbd47fc00a2c39e90264f33305004495a9","hash":"65647dca7c953600388437aacf199cc1e5e4e2d5"}
,"C:\\Users\\leono\\OneDrive\\Ambiente de Trabalho\\Trabalho de TPW\\vuegoovie_tpw\\cip-api\\routes\\modules.routes.js": {"path":"C:\\Users\\leono\\OneDrive\\Ambiente de Trabalho\\Trabalho de TPW\\vuegoovie_tpw\\cip-api\\routes\\modules.routes.js","statementMap":{"0":{"start":{"line":1,"column":16},"end":{"line":1,"column":34}},"1":{"start":{"line":3,"column":26},"end":{"line":3,"column":70}},"2":{"start":{"line":6,"column":13},"end":{"line":6,"column":50}},"3":{"start":{"line":17,"column":0},"end":{"line":19,"column":2}},"4":{"start":{"line":18,"column":4},"end":{"line":18,"column":39}},"5":{"start":{"line":30,"column":0},"end":{"line":32,"column":2}},"6":{"start":{"line":31,"column":4},"end":{"line":31,"column":38}},"7":{"start":{"line":44,"column":0},"end":{"line":46,"column":2}},"8":{"start":{"line":45,"column":4},"end":{"line":45,"column":38}},"9":{"start":{"line":57,"column":0},"end":{"line":59,"column":2}},"10":{"start":{"line":58,"column":4},"end":{"line":58,"column":38}},"11":{"start":{"line":61,"column":0},"end":{"line":63,"column":2}},"12":{"start":{"line":62,"column":4},"end":{"line":62,"column":58}},"13":{"start":{"line":65,"column":0},"end":{"line":65,"column":24}}},"fnMap":{"0":{"name":"(anonymous_0)","decl":{"start":{"line":17,"column":16},"end":{"line":17,"column":17}},"loc":{"start":{"line":17,"column":36},"end":{"line":19,"column":1}},"line":17},"1":{"name":"(anonymous_1)","decl":{"start":{"line":30,"column":17},"end":{"line":30,"column":18}},"loc":{"start":{"line":30,"column":37},"end":{"line":32,"column":1}},"line":30},"2":{"name":"(anonymous_2)","decl":{"start":{"line":44,"column":22},"end":{"line":44,"column":23}},"loc":{"start":{"line":44,"column":42},"end":{"line":46,"column":1}},"line":44},"3":{"name":"(anonymous_3)","decl":{"start":{"line":57,"column":25},"end":{"line":57,"column":26}},"loc":{"start":{"line":57,"column":45},"end":{"line":59,"column":1}},"line":57},"4":{"name":"(anonymous_4)","decl":{"start":{"line":61,"column":16},"end":{"line":61,"column":17}},"loc":{"start":{"line":61,"column":36},"end":{"line":63,"column":1}},"line":61}},"branchMap":{},"s":{"0":1,"1":1,"2":1,"3":1,"4":0,"5":1,"6":0,"7":1,"8":0,"9":1,"10":0,"11":1,"12":0,"13":1},"f":{"0":0,"1":0,"2":0,"3":0,"4":0},"b":{},"_coverageSchema":"1a1c01bbd47fc00a2c39e90264f33305004495a9","hash":"b87cc8b98b4f94e889833221ad5c3f6cbe02118e"}
,"C:\\Users\\leono\\OneDrive\\Ambiente de Trabalho\\Trabalho de TPW\\vuegoovie_tpw\\cip-api\\routes\\news.routes.js": {"path":"C:\\Users\\leono\\OneDrive\\Ambiente de Trabalho\\Trabalho de TPW\\vuegoovie_tpw\\cip-api\\routes\\news.routes.js","statementMap":{"0":{"start":{"line":1,"column":16},"end":{"line":1,"column":34}},"1":{"start":{"line":2,"column":15},"end":{"line":2,"column":31}},"2":{"start":{"line":3,"column":23},"end":{"line":3,"column":64}},"3":{"start":{"line":4,"column":42},"end":{"line":4,"column":70}},"4":{"start":{"line":14,"column":0},"end":{"line":16,"column":2}},"5":{"start":{"line":15,"column":4},"end":{"line":15,"column":39}},"6":{"start":{"line":28,"column":0},"end":{"line":37,"column":2}},"7":{"start":{"line":31,"column":19},"end":{"line":31,"column":40}},"8":{"start":{"line":32,"column":4},"end":{"line":36,"column":5}},"9":{"start":{"line":33,"column":8},"end":{"line":33,"column":44}},"10":{"start":{"line":35,"column":8},"end":{"line":35,"column":56}},"11":{"start":{"line":40,"column":0},"end":{"line":40,"column":24}}},"fnMap":{"0":{"name":"(anonymous_0)","decl":{"start":{"line":14,"column":16},"end":{"line":14,"column":17}},"loc":{"start":{"line":14,"column":36},"end":{"line":16,"column":1}},"line":14},"1":{"name":"(anonymous_1)","decl":{"start":{"line":30,"column":3},"end":{"line":30,"column":4}},"loc":{"start":{"line":30,"column":23},"end":{"line":37,"column":1}},"line":30}},"branchMap":{"0":{"loc":{"start":{"line":32,"column":4},"end":{"line":36,"column":5}},"type":"if","locations":[{"start":{"line":32,"column":4},"end":{"line":36,"column":5}},{"start":{"line":34,"column":11},"end":{"line":36,"column":5}}],"line":32}},"s":{"0":1,"1":1,"2":1,"3":1,"4":1,"5":0,"6":1,"7":0,"8":0,"9":0,"10":0,"11":1},"f":{"0":0,"1":0},"b":{"0":[0,0]},"_coverageSchema":"1a1c01bbd47fc00a2c39e90264f33305004495a9","hash":"41c888a3b381e120ed07be07df649af2515c9331"}
,"C:\\Users\\leono\\OneDrive\\Ambiente de Trabalho\\Trabalho de TPW\\vuegoovie_tpw\\cip-api\\routes\\usercourses.routes.js": {"path":"C:\\Users\\leono\\OneDrive\\Ambiente de Trabalho\\Trabalho de TPW\\vuegoovie_tpw\\cip-api\\routes\\usercourses.routes.js","statementMap":{"0":{"start":{"line":1,"column":16},"end":{"line":1,"column":34}},"1":{"start":{"line":3,"column":29},"end":{"line":3,"column":76}},"2":{"start":{"line":5,"column":13},"end":{"line":5,"column":50}},"3":{"start":{"line":16,"column":0},"end":{"line":18,"column":2}},"4":{"start":{"line":17,"column":4},"end":{"line":17,"column":42}},"5":{"start":{"line":29,"column":0},"end":{"line":31,"column":2}},"6":{"start":{"line":30,"column":4},"end":{"line":30,"column":41}},"7":{"start":{"line":42,"column":0},"end":{"line":44,"column":2}},"8":{"start":{"line":43,"column":4},"end":{"line":43,"column":42}},"9":{"start":{"line":55,"column":0},"end":{"line":57,"column":2}},"10":{"start":{"line":56,"column":4},"end":{"line":56,"column":41}},"11":{"start":{"line":69,"column":0},"end":{"line":71,"column":2}},"12":{"start":{"line":70,"column":4},"end":{"line":70,"column":41}},"13":{"start":{"line":73,"column":0},"end":{"line":75,"column":2}},"14":{"start":{"line":74,"column":4},"end":{"line":74,"column":61}},"15":{"start":{"line":77,"column":0},"end":{"line":77,"column":24}}},"fnMap":{"0":{"name":"(anonymous_0)","decl":{"start":{"line":16,"column":16},"end":{"line":16,"column":17}},"loc":{"start":{"line":16,"column":36},"end":{"line":18,"column":1}},"line":16},"1":{"name":"(anonymous_1)","decl":{"start":{"line":29,"column":28},"end":{"line":29,"column":29}},"loc":{"start":{"line":29,"column":48},"end":{"line":31,"column":1}},"line":29},"2":{"name":"(anonymous_2)","decl":{"start":{"line":42,"column":29},"end":{"line":42,"column":30}},"loc":{"start":{"line":42,"column":49},"end":{"line":44,"column":1}},"line":42},"3":{"name":"(anonymous_3)","decl":{"start":{"line":55,"column":29},"end":{"line":55,"column":30}},"loc":{"start":{"line":55,"column":49},"end":{"line":57,"column":1}},"line":55},"4":{"name":"(anonymous_4)","decl":{"start":{"line":69,"column":32},"end":{"line":69,"column":33}},"loc":{"start":{"line":69,"column":52},"end":{"line":71,"column":1}},"line":69},"5":{"name":"(anonymous_5)","decl":{"start":{"line":73,"column":16},"end":{"line":73,"column":17}},"loc":{"start":{"line":73,"column":36},"end":{"line":75,"column":1}},"line":73}},"branchMap":{},"s":{"0":1,"1":1,"2":1,"3":1,"4":0,"5":1,"6":0,"7":1,"8":0,"9":1,"10":0,"11":1,"12":0,"13":1,"14":0,"15":1},"f":{"0":0,"1":0,"2":0,"3":0,"4":0,"5":0},"b":{},"_coverageSchema":"1a1c01bbd47fc00a2c39e90264f33305004495a9","hash":"b50e08368a67e0285fcc6c29822d31a71f159b5b"}
,"C:\\Users\\leono\\OneDrive\\Ambiente de Trabalho\\Trabalho de TPW\\vuegoovie_tpw\\cip-api\\routes\\users.routes.js": {"path":"C:\\Users\\leono\\OneDrive\\Ambiente de Trabalho\\Trabalho de TPW\\vuegoovie_tpw\\cip-api\\routes\\users.routes.js","statementMap":{"0":{"start":{"line":1,"column":16},"end":{"line":1,"column":34}},"1":{"start":{"line":2,"column":15},"end":{"line":2,"column":31}},"2":{"start":{"line":3,"column":23},"end":{"line":3,"column":65}},"3":{"start":{"line":4,"column":42},"end":{"line":4,"column":70}},"4":{"start":{"line":7,"column":25},"end":{"line":7,"column":56}},"5":{"start":{"line":9,"column":0},"end":{"line":17,"column":2}},"6":{"start":{"line":10,"column":18},"end":{"line":10,"column":28}},"7":{"start":{"line":11,"column":4},"end":{"line":15,"column":7}},"8":{"start":{"line":12,"column":20},"end":{"line":12,"column":30}},"9":{"start":{"line":13,"column":28},"end":{"line":13,"column":55}},"10":{"start":{"line":14,"column":8},"end":{"line":14,"column":92}},"11":{"start":{"line":16,"column":4},"end":{"line":16,"column":10}},"12":{"start":{"line":26,"column":0},"end":{"line":28,"column":2}},"13":{"start":{"line":27,"column":4},"end":{"line":27,"column":35}},"14":{"start":{"line":39,"column":0},"end":{"line":51,"column":2}},"15":{"start":{"line":45,"column":19},"end":{"line":45,"column":40}},"16":{"start":{"line":46,"column":4},"end":{"line":50,"column":5}},"17":{"start":{"line":47,"column":8},"end":{"line":47,"column":42}},"18":{"start":{"line":49,"column":8},"end":{"line":49,"column":56}},"19":{"start":{"line":62,"column":0},"end":{"line":64,"column":2}},"20":{"start":{"line":63,"column":4},"end":{"line":63,"column":40}},"21":{"start":{"line":76,"column":0},"end":{"line":85,"column":2}},"22":{"start":{"line":79,"column":19},"end":{"line":79,"column":40}},"23":{"start":{"line":80,"column":4},"end":{"line":84,"column":5}},"24":{"start":{"line":81,"column":8},"end":{"line":81,"column":40}},"25":{"start":{"line":83,"column":8},"end":{"line":83,"column":56}},"26":{"start":{"line":97,"column":0},"end":{"line":99,"column":2}},"27":{"start":{"line":98,"column":4},"end":{"line":98,"column":43}},"28":{"start":{"line":110,"column":0},"end":{"line":112,"column":2}},"29":{"start":{"line":111,"column":4},"end":{"line":111,"column":39}},"30":{"start":{"line":123,"column":0},"end":{"line":125,"column":2}},"31":{"start":{"line":124,"column":4},"end":{"line":124,"column":38}},"32":{"start":{"line":136,"column":0},"end":{"line":138,"column":2}},"33":{"start":{"line":137,"column":4},"end":{"line":137,"column":37}},"34":{"start":{"line":149,"column":0},"end":{"line":151,"column":2}},"35":{"start":{"line":150,"column":4},"end":{"line":150,"column":38}},"36":{"start":{"line":162,"column":0},"end":{"line":164,"column":2}},"37":{"start":{"line":163,"column":4},"end":{"line":163,"column":39}},"38":{"start":{"line":166,"column":0},"end":{"line":166,"column":53}},"39":{"start":{"line":168,"column":0},"end":{"line":171,"column":2}},"40":{"start":{"line":170,"column":4},"end":{"line":170,"column":56}},"41":{"start":{"line":173,"column":0},"end":{"line":173,"column":24}}},"fnMap":{"0":{"name":"(anonymous_0)","decl":{"start":{"line":9,"column":11},"end":{"line":9,"column":12}},"loc":{"start":{"line":9,"column":31},"end":{"line":17,"column":1}},"line":9},"1":{"name":"(anonymous_1)","decl":{"start":{"line":11,"column":21},"end":{"line":11,"column":22}},"loc":{"start":{"line":11,"column":27},"end":{"line":15,"column":5}},"line":11},"2":{"name":"(anonymous_2)","decl":{"start":{"line":26,"column":22},"end":{"line":26,"column":23}},"loc":{"start":{"line":26,"column":42},"end":{"line":28,"column":1}},"line":26},"3":{"name":"(anonymous_3)","decl":{"start":{"line":44,"column":3},"end":{"line":44,"column":4}},"loc":{"start":{"line":44,"column":23},"end":{"line":51,"column":1}},"line":44},"4":{"name":"(anonymous_4)","decl":{"start":{"line":62,"column":16},"end":{"line":62,"column":17}},"loc":{"start":{"line":62,"column":36},"end":{"line":64,"column":1}},"line":62},"5":{"name":"(anonymous_5)","decl":{"start":{"line":78,"column":3},"end":{"line":78,"column":4}},"loc":{"start":{"line":78,"column":23},"end":{"line":85,"column":1}},"line":78},"6":{"name":"(anonymous_6)","decl":{"start":{"line":97,"column":27},"end":{"line":97,"column":28}},"loc":{"start":{"line":97,"column":47},"end":{"line":99,"column":1}},"line":97},"7":{"name":"(anonymous_7)","decl":{"start":{"line":110,"column":25},"end":{"line":110,"column":26}},"loc":{"start":{"line":110,"column":45},"end":{"line":112,"column":1}},"line":110},"8":{"name":"(anonymous_8)","decl":{"start":{"line":123,"column":35},"end":{"line":123,"column":36}},"loc":{"start":{"line":123,"column":55},"end":{"line":125,"column":1}},"line":123},"9":{"name":"(anonymous_9)","decl":{"start":{"line":136,"column":34},"end":{"line":136,"column":35}},"loc":{"start":{"line":136,"column":54},"end":{"line":138,"column":1}},"line":136},"10":{"name":"(anonymous_10)","decl":{"start":{"line":149,"column":35},"end":{"line":149,"column":36}},"loc":{"start":{"line":149,"column":55},"end":{"line":151,"column":1}},"line":149},"11":{"name":"(anonymous_11)","decl":{"start":{"line":162,"column":28},"end":{"line":162,"column":29}},"loc":{"start":{"line":162,"column":48},"end":{"line":164,"column":1}},"line":162},"12":{"name":"(anonymous_12)","decl":{"start":{"line":168,"column":16},"end":{"line":168,"column":17}},"loc":{"start":{"line":168,"column":36},"end":{"line":171,"column":1}},"line":168}},"branchMap":{"0":{"loc":{"start":{"line":46,"column":4},"end":{"line":50,"column":5}},"type":"if","locations":[{"start":{"line":46,"column":4},"end":{"line":50,"column":5}},{"start":{"line":48,"column":11},"end":{"line":50,"column":5}}],"line":46},"1":{"loc":{"start":{"line":80,"column":4},"end":{"line":84,"column":5}},"type":"if","locations":[{"start":{"line":80,"column":4},"end":{"line":84,"column":5}},{"start":{"line":82,"column":11},"end":{"line":84,"column":5}}],"line":80}},"s":{"0":1,"1":1,"2":1,"3":1,"4":1,"5":1,"6":0,"7":0,"8":0,"9":0,"10":0,"11":0,"12":1,"13":0,"14":1,"15":0,"16":0,"17":0,"18":0,"19":1,"20":0,"21":1,"22":0,"23":0,"24":0,"25":0,"26":1,"27":0,"28":1,"29":0,"30":1,"31":0,"32":1,"33":0,"34":1,"35":0,"36":1,"37":0,"38":1,"39":1,"40":0,"41":1},"f":{"0":0,"1":0,"2":0,"3":0,"4":0,"5":0,"6":0,"7":0,"8":0,"9":0,"10":0,"11":0,"12":0},"b":{"0":[0,0],"1":[0,0]},"_coverageSchema":"1a1c01bbd47fc00a2c39e90264f33305004495a9","hash":"5ae5a0a38747fa8838f6e5137813ecc72386122e"}
}
